2018-07-24 13:56:52.552 [main] INFO  [org.springframework.context.annotation.AnnotationConfigApplicationContext:583] [,] - Refreshing org.springframework.context.annotation.AnnotationConfigApplicationContext@288a4658: startup date [Tue Jul 24 13:56:52 CST 2018]; root of context hierarchy
2018-07-24 13:56:52.665 [background-preinit] INFO  [org.hibernate.validator.internal.util.Version:30] [,] - HV000001: Hibernate Validator 5.2.5.Final
2018-07-24 13:56:53.043 [main] INFO  [org.springframework.beans.factory.annotation.AutowiredAnnotationBeanPostProcessor:155] [,] - JSR-330 'javax.inject.Inject' annotation found and supported for autowiring
2018-07-24 13:56:53.129 [main] INFO  [org.springframework.context.support.PostProcessorRegistrationDelegate$BeanPostProcessorChecker:325] [,] - Bean 'configurationPropertiesRebinderAutoConfiguration' of type [org.springframework.cloud.autoconfigure.ConfigurationPropertiesRebinderAutoConfiguration$$EnhancerBySpringCGLIB$$8f7ade57] is not eligible for getting processed by all BeanPostProcessors (for example: not eligible for auto-proxying)
2018-07-24 13:56:53.639 [main] INFO  [com.mooc.house.api.ApiGatewayApplication:662] [,] - No active profile set, falling back to default profiles: default
2018-07-24 13:56:53.664 [main] INFO  [org.springframework.boot.context.embedded.AnnotationConfigEmbeddedWebApplicationContext:583] [,] - Refreshing org.springframework.boot.context.embedded.AnnotationConfigEmbeddedWebApplicationContext@702b06fb: startup date [Tue Jul 24 13:56:53 CST 2018]; parent: org.springframework.context.annotation.AnnotationConfigApplicationContext@288a4658
2018-07-24 13:56:56.055 [main] INFO  [org.springframework.beans.factory.support.DefaultListableBeanFactory:828] [,] - Overriding bean definition for bean 'hystrixFeature' with a different definition: replacing [Root bean: class [null]; scope=; abstract=false; lazyInit=false; autowireMode=3; dependencyCheck=0; autowireCandidate=true; primary=false; factoryBeanName=org.springframework.cloud.netflix.hystrix.HystrixCircuitBreakerConfiguration$HystrixWebConfiguration; factoryMethodName=hystrixFeature; initMethodName=null; destroyMethodName=(inferred); defined in class path resource [org/springframework/cloud/netflix/hystrix/HystrixCircuitBreakerConfiguration$HystrixWebConfiguration.class]] with [Root bean: class [null]; scope=; abstract=false; lazyInit=false; autowireMode=3; dependencyCheck=0; autowireCandidate=true; primary=false; factoryBeanName=org.springframework.cloud.netflix.hystrix.HystrixCircuitBreakerConfiguration; factoryMethodName=hystrixFeature; initMethodName=null; destroyMethodName=(inferred); defined in class path resource [org/springframework/cloud/netflix/hystrix/HystrixCircuitBreakerConfiguration.class]]
2018-07-24 13:56:56.585 [main] INFO  [org.springframework.data.repository.config.RepositoryConfigurationDelegate:170] [,] - Multiple Spring Data modules found, entering strict repository configuration mode!
2018-07-24 13:56:57.100 [main] INFO  [org.springframework.cloud.context.scope.GenericScope:263] [,] - BeanFactory id=dbbe6246-8446-3574-b3a0-baf07b1dc4d7
2018-07-24 13:56:57.117 [main] INFO  [org.springframework.beans.factory.annotation.AutowiredAnnotationBeanPostProcessor:155] [,] - JSR-330 'javax.inject.Inject' annotation found and supported for autowiring
2018-07-24 13:56:57.321 [main] INFO  [org.springframework.context.support.PostProcessorRegistrationDelegate$BeanPostProcessorChecker:325] [,] - Bean 'org.springframework.cloud.sleuth.instrument.async.AsyncDefaultAutoConfiguration$DefaultAsyncConfigurerSupport' of type [org.springframework.cloud.sleuth.instrument.async.AsyncDefaultAutoConfiguration$DefaultAsyncConfigurerSupport$$EnhancerBySpringCGLIB$$b0a2791d] is not eligible for getting processed by all BeanPostProcessors (for example: not eligible for auto-proxying)
2018-07-24 13:56:57.504 [main] INFO  [org.springframework.context.support.PostProcessorRegistrationDelegate$BeanPostProcessorChecker:325] [,] - Bean 'org.springframework.cloud.netflix.metrics.MetricsInterceptorConfiguration$MetricsRestTemplateConfiguration' of type [org.springframework.cloud.netflix.metrics.MetricsInterceptorConfiguration$MetricsRestTemplateConfiguration$$EnhancerBySpringCGLIB$$a58d819b] is not eligible for getting processed by all BeanPostProcessors (for example: not eligible for auto-proxying)
2018-07-24 13:56:57.897 [main] INFO  [org.springframework.context.support.PostProcessorRegistrationDelegate$BeanPostProcessorChecker:325] [,] - Bean 'org.springframework.cloud.autoconfigure.ConfigurationPropertiesRebinderAutoConfiguration' of type [org.springframework.cloud.autoconfigure.ConfigurationPropertiesRebinderAutoConfiguration$$EnhancerBySpringCGLIB$$8f7ade57] is not eligible for getting processed by all BeanPostProcessors (for example: not eligible for auto-proxying)
2018-07-24 13:56:57.923 [main] INFO  [org.springframework.context.support.PostProcessorRegistrationDelegate$BeanPostProcessorChecker:325] [,] - Bean 'org.springframework.cloud.sleuth.instrument.async.AsyncDefaultAutoConfiguration' of type [org.springframework.cloud.sleuth.instrument.async.AsyncDefaultAutoConfiguration$$EnhancerBySpringCGLIB$$5b448779] is not eligible for getting processed by all BeanPostProcessors (for example: not eligible for auto-proxying)
2018-07-24 13:56:59.096 [main] INFO  [org.springframework.boot.context.embedded.tomcat.TomcatEmbeddedServletContainer:89] [,] - Tomcat initialized with port(s): 8080 (http)
2018-07-24 13:56:59.107 [main] INFO  [org.apache.catalina.core.StandardService:179] [,] - Starting service [Tomcat]
2018-07-24 13:56:59.108 [main] INFO  [org.apache.catalina.core.StandardEngine:179] [,] - Starting Servlet Engine: Apache Tomcat/8.5.15
2018-07-24 13:56:59.336 [localhost-startStop-1] INFO  [org.apache.catalina.core.ContainerBase.[Tomcat].[localhost].[/]:179] [,] - Initializing Spring embedded WebApplicationContext
2018-07-24 13:56:59.336 [localhost-startStop-1] INFO  [org.springframework.web.context.ContextLoader:276] [,] - Root WebApplicationContext: initialization completed in 5672 ms
2018-07-24 13:57:00.853 [localhost-startStop-1] INFO  [org.springframework.boot.web.servlet.FilterRegistrationBean:258] [,] - Mapping filter: 'metricsFilter' to: [/*]
2018-07-24 13:57:00.854 [localhost-startStop-1] INFO  [org.springframework.boot.web.servlet.FilterRegistrationBean:258] [,] - Mapping filter: 'characterEncodingFilter' to: [/*]
2018-07-24 13:57:00.854 [localhost-startStop-1] INFO  [org.springframework.boot.web.servlet.FilterRegistrationBean:258] [,] - Mapping filter: 'traceFilter' to: [/*]
2018-07-24 13:57:00.854 [localhost-startStop-1] INFO  [org.springframework.boot.web.servlet.FilterRegistrationBean:258] [,] - Mapping filter: 'hiddenHttpMethodFilter' to: [/*]
2018-07-24 13:57:00.854 [localhost-startStop-1] INFO  [org.springframework.boot.web.servlet.FilterRegistrationBean:258] [,] - Mapping filter: 'httpPutFormContentFilter' to: [/*]
2018-07-24 13:57:00.854 [localhost-startStop-1] INFO  [org.springframework.boot.web.servlet.FilterRegistrationBean:258] [,] - Mapping filter: 'requestContextFilter' to: [/*]
2018-07-24 13:57:00.854 [localhost-startStop-1] INFO  [org.springframework.boot.web.servlet.FilterRegistrationBean:258] [,] - Mapping filter: 'webRequestLoggingFilter' to: [/*]
2018-07-24 13:57:00.854 [localhost-startStop-1] INFO  [org.springframework.boot.web.servlet.FilterRegistrationBean:258] [,] - Mapping filter: 'authorizedLogbookFilter' to: [/*]
2018-07-24 13:57:00.854 [localhost-startStop-1] INFO  [org.springframework.boot.web.servlet.FilterRegistrationBean:258] [,] - Mapping filter: 'applicationContextIdFilter' to: [/*]
2018-07-24 13:57:00.854 [localhost-startStop-1] INFO  [org.springframework.boot.web.servlet.ServletRegistrationBean:190] [,] - Mapping servlet: 'dispatcherServlet' to [/]
2018-07-24 13:57:02.587 [main] WARN  [com.netflix.config.sources.URLConfigurationSource:121] [,] - No URLs will be polled as dynamic configuration sources.
2018-07-24 13:57:02.587 [main] INFO  [com.netflix.config.sources.URLConfigurationSource:122] [,] - To enable URLs as dynamic configuration sources, define System property archaius.configurationSource.additionalUrls or make config.properties available on classpath.
2018-07-24 13:57:02.591 [main] INFO  [com.netflix.config.DynamicPropertyFactory:281] [,] - DynamicPropertyFactory is initialized with configuration sources: com.netflix.config.ConcurrentCompositeConfiguration@20cf3ab3
2018-07-24 13:57:03.978 [main] INFO  [org.apache.catalina.core.ContainerBase.[Tomcat].[localhost].[/]:179] [,] - jolokia: No access restrictor found, access to any MBean is allowed
2018-07-24 13:57:04.715 [main] INFO  [org.springframework.web.servlet.mvc.method.annotation.RequestMappingHandlerAdapter:534] [,] - Looking for @ControllerAdvice: org.springframework.boot.context.embedded.AnnotationConfigEmbeddedWebApplicationContext@702b06fb: startup date [Tue Jul 24 13:56:53 CST 2018]; parent: org.springframework.context.annotation.AnnotationConfigApplicationContext@288a4658
2018-07-24 13:57:04.953 [main] INFO  [org.springframework.web.servlet.mvc.method.annotation.RequestMappingHandlerMapping:543] [,] - Mapped "{[/index1]}" onto public java.util.List<org.springframework.cloud.client.ServiceInstance> com.mooc.house.api.ApiGatewayApplication.getReister()
2018-07-24 13:57:04.955 [main] INFO  [org.springframework.web.servlet.mvc.method.annotation.RequestMappingHandlerMapping:543] [,] - Mapped "{[/agency/create]}" onto public java.lang.String com.mooc.house.api.controller.AgencyController.agencyCreate()
2018-07-24 13:57:04.957 [main] INFO  [org.springframework.web.servlet.mvc.method.annotation.RequestMappingHandlerMapping:543] [,] - Mapped "{[/agency/submit]}" onto public java.lang.String com.mooc.house.api.controller.AgencyController.agencySubmit(com.mooc.house.api.model.Agency)
2018-07-24 13:57:04.957 [main] INFO  [org.springframework.web.servlet.mvc.method.annotation.RequestMappingHandlerMapping:543] [,] - Mapped "{[/agency/list]}" onto public java.lang.String com.mooc.house.api.controller.AgencyController.agencyList(org.springframework.ui.ModelMap)
2018-07-24 13:57:04.958 [main] INFO  [org.springframework.web.servlet.mvc.method.annotation.RequestMappingHandlerMapping:543] [,] - Mapped "{[/agency/agentMsg]}" onto public java.lang.String com.mooc.house.api.controller.AgencyController.agentMsg(java.lang.Long,java.lang.String,java.lang.String,java.lang.String,org.springframework.ui.ModelMap)
2018-07-24 13:57:04.958 [main] INFO  [org.springframework.web.servlet.mvc.method.annotation.RequestMappingHandlerMapping:543] [,] - Mapped "{[/agency/agentDetail]}" onto public java.lang.String com.mooc.house.api.controller.AgencyController.agentDetail(java.lang.Long,org.springframework.ui.ModelMap)
2018-07-24 13:57:04.958 [main] INFO  [org.springframework.web.servlet.mvc.method.annotation.RequestMappingHandlerMapping:543] [,] - Mapped "{[/agency/agentList]}" onto public java.lang.String com.mooc.house.api.controller.AgencyController.agentList(java.lang.Integer,java.lang.Integer,org.springframework.ui.ModelMap)
2018-07-24 13:57:04.958 [main] INFO  [org.springframework.web.servlet.mvc.method.annotation.RequestMappingHandlerMapping:543] [,] - Mapped "{[/agency/agencyDetail]}" onto public java.lang.String com.mooc.house.api.controller.AgencyController.agencyDetail(java.lang.Integer,org.springframework.ui.ModelMap)
2018-07-24 13:57:04.958 [main] INFO  [org.springframework.web.servlet.mvc.method.annotation.RequestMappingHandlerMapping:543] [,] - Mapped "{[/blog/list],methods=[POST || GET]}" onto public java.lang.String com.mooc.house.api.controller.BlogController.list(java.lang.Integer,java.lang.Integer,com.mooc.house.api.model.Blog,org.springframework.ui.ModelMap)
2018-07-24 13:57:04.958 [main] INFO  [org.springframework.web.servlet.mvc.method.annotation.RequestMappingHandlerMapping:543] [,] - Mapped "{[/blog/detail],methods=[POST || GET]}" onto public java.lang.String com.mooc.house.api.controller.BlogController.blogDetail(int,org.springframework.ui.ModelMap)
2018-07-24 13:57:04.959 [main] INFO  [org.springframework.web.servlet.mvc.method.annotation.RequestMappingHandlerMapping:543] [,] - Mapped "{[/comment/leaveBlogComment]}" onto public java.lang.String com.mooc.house.api.controller.CommentController.leaveBlogComment(java.lang.String,java.lang.Integer,org.springframework.ui.ModelMap)
2018-07-24 13:57:04.959 [main] INFO  [org.springframework.web.servlet.mvc.method.annotation.RequestMappingHandlerMapping:543] [,] - Mapped "{[/comment/leaveComment]}" onto public java.lang.String com.mooc.house.api.controller.CommentController.leaveComment(java.lang.String,java.lang.Long,org.springframework.ui.ModelMap)
2018-07-24 13:57:04.960 [main] INFO  [org.springframework.web.servlet.mvc.method.annotation.RequestMappingHandlerMapping:543] [,] - Mapped "{[/error/400]}" onto public java.lang.String com.mooc.house.api.controller.ErrorController.error400(javax.servlet.http.HttpServletRequest,org.springframework.ui.ModelMap)
2018-07-24 13:57:04.961 [main] INFO  [org.springframework.web.servlet.mvc.method.annotation.RequestMappingHandlerMapping:543] [,] - Mapped "{[/error/404]}" onto public java.lang.String com.mooc.house.api.controller.ErrorController.error404(javax.servlet.http.HttpServletRequest,org.springframework.ui.ModelMap)
2018-07-24 13:57:04.961 [main] INFO  [org.springframework.web.servlet.mvc.method.annotation.RequestMappingHandlerMapping:543] [,] - Mapped "{[/error/403]}" onto public java.lang.String com.mooc.house.api.controller.ErrorController.error403(javax.servlet.http.HttpServletRequest,org.springframework.ui.ModelMap)
2018-07-24 13:57:04.962 [main] INFO  [org.springframework.web.servlet.mvc.method.annotation.RequestMappingHandlerMapping:543] [,] - Mapped "{[]}" onto public java.lang.String com.mooc.house.api.controller.HomepageController.index(org.springframework.ui.ModelMap)
2018-07-24 13:57:04.962 [main] INFO  [org.springframework.web.servlet.mvc.method.annotation.RequestMappingHandlerMapping:543] [,] - Mapped "{[/index]}" onto public java.lang.String com.mooc.house.api.controller.HomepageController.accountsRegister(org.springframework.ui.ModelMap)
2018-07-24 13:57:04.963 [main] INFO  [org.springframework.web.servlet.mvc.method.annotation.RequestMappingHandlerMapping:543] [,] - Mapped "{[/house/toAdd],methods=[POST || GET]}" onto public java.lang.String com.mooc.house.api.controller.HouseController.toAdd(org.springframework.ui.ModelMap)
2018-07-24 13:57:04.963 [main] INFO  [org.springframework.web.servlet.mvc.method.annotation.RequestMappingHandlerMapping:543] [,] - Mapped "{[/house/add],methods=[POST || GET]}" onto public java.lang.String com.mooc.house.api.controller.HouseController.doAdd(com.mooc.house.api.model.House)
2018-07-24 13:57:04.963 [main] INFO  [org.springframework.web.servlet.mvc.method.annotation.RequestMappingHandlerMapping:543] [,] - Mapped "{[/house/list],methods=[POST || GET]}" onto public java.lang.String com.mooc.house.api.controller.HouseController.houseList(java.lang.Integer,java.lang.Integer,com.mooc.house.api.model.House,org.springframework.ui.ModelMap)
2018-07-24 13:57:04.964 [main] INFO  [org.springframework.web.servlet.mvc.method.annotation.RequestMappingHandlerMapping:543] [,] - Mapped "{[/house/leaveMsg],methods=[POST || GET]}" onto public java.lang.String com.mooc.house.api.controller.HouseController.houseMsg(com.mooc.house.api.model.UserMsg)
2018-07-24 13:57:04.964 [main] INFO  [org.springframework.web.servlet.mvc.method.annotation.RequestMappingHandlerMapping:543] [,] - Mapped "{[/house/del],methods=[POST || GET]}" onto public java.lang.String com.mooc.house.api.controller.HouseController.delsale(java.lang.Long,java.lang.String)
2018-07-24 13:57:04.964 [main] INFO  [org.springframework.web.servlet.mvc.method.annotation.RequestMappingHandlerMapping:543] [,] - Mapped "{[/house/unbookmark],methods=[POST || GET]}" onto public com.mooc.house.api.common.ResultMsg com.mooc.house.api.controller.HouseController.unbookmark(java.lang.Long,org.springframework.ui.ModelMap)
2018-07-24 13:57:04.964 [main] INFO  [org.springframework.web.servlet.mvc.method.annotation.RequestMappingHandlerMapping:543] [,] - Mapped "{[/house/rating],methods=[POST || GET]}" onto public com.mooc.house.api.common.ResultMsg com.mooc.house.api.controller.HouseController.houseRate(java.lang.Double,java.lang.Long)
2018-07-24 13:57:04.964 [main] INFO  [org.springframework.web.servlet.mvc.method.annotation.RequestMappingHandlerMapping:543] [,] - Mapped "{[/house/bookmark],methods=[POST || GET]}" onto public com.mooc.house.api.common.ResultMsg com.mooc.house.api.controller.HouseController.bookmark(java.lang.Long,org.springframework.ui.ModelMap)
2018-07-24 13:57:04.965 [main] INFO  [org.springframework.web.servlet.mvc.method.annotation.RequestMappingHandlerMapping:543] [,] - Mapped "{[/house/bookmarked],methods=[POST || GET]}" onto public java.lang.String com.mooc.house.api.controller.HouseController.bookmarked(com.mooc.house.api.model.House,com.mooc.house.api.common.PageParams,org.springframework.ui.ModelMap)
2018-07-24 13:57:04.965 [main] INFO  [org.springframework.web.servlet.mvc.method.annotation.RequestMappingHandlerMapping:543] [,] - Mapped "{[/house/ownlist],methods=[POST || GET]}" onto public java.lang.String com.mooc.house.api.controller.HouseController.ownlist(com.mooc.house.api.model.House,com.mooc.house.api.common.PageParams,org.springframework.ui.ModelMap)
2018-07-24 13:57:04.965 [main] INFO  [org.springframework.web.servlet.mvc.method.annotation.RequestMappingHandlerMapping:543] [,] - Mapped "{[/house/detail],methods=[POST || GET]}" onto public java.lang.String com.mooc.house.api.controller.HouseController.houseDetail(long,org.springframework.ui.ModelMap)
2018-07-24 13:57:04.966 [main] INFO  [org.springframework.web.servlet.mvc.method.annotation.RequestMappingHandlerMapping:543] [,] - Mapped "{[/accounts/profile],methods=[POST || GET]}" onto public java.lang.String com.mooc.house.api.controller.UserController.profile(org.springframework.ui.ModelMap)
2018-07-24 13:57:04.966 [main] INFO  [org.springframework.web.servlet.mvc.method.annotation.RequestMappingHandlerMapping:543] [,] - Mapped "{[/accounts/reset]}" onto public java.lang.String com.mooc.house.api.controller.UserController.reset(java.lang.String,org.springframework.ui.ModelMap)
2018-07-24 13:57:04.966 [main] INFO  [org.springframework.web.servlet.mvc.method.annotation.RequestMappingHandlerMapping:543] [,] - Mapped "{[/accounts/verify]}" onto public java.lang.String com.mooc.house.api.controller.UserController.verify(java.lang.String)
2018-07-24 13:57:04.966 [main] INFO  [org.springframework.web.servlet.mvc.method.annotation.RequestMappingHandlerMapping:543] [,] - Mapped "{[/accounts/register],methods=[POST || GET]}" onto public java.lang.String com.mooc.house.api.controller.UserController.accountsSubmit(com.mooc.house.api.model.User,org.springframework.ui.ModelMap)
2018-07-24 13:57:04.966 [main] INFO  [org.springframework.web.servlet.mvc.method.annotation.RequestMappingHandlerMapping:543] [,] - Mapped "{[/accounts/signin],methods=[POST || GET]}" onto public java.lang.String com.mooc.house.api.controller.UserController.loginSubmit(javax.servlet.http.HttpServletRequest)
2018-07-24 13:57:04.967 [main] INFO  [org.springframework.web.servlet.mvc.method.annotation.RequestMappingHandlerMapping:543] [,] - Mapped "{[/accounts/remember]}" onto public java.lang.String com.mooc.house.api.controller.UserController.remember(java.lang.String,org.springframework.ui.ModelMap)
2018-07-24 13:57:04.967 [main] INFO  [org.springframework.web.servlet.mvc.method.annotation.RequestMappingHandlerMapping:543] [,] - Mapped "{[/accounts/resetSubmit],methods=[POST || GET]}" onto public java.lang.String com.mooc.house.api.controller.UserController.resetSubmit(javax.servlet.http.HttpServletRequest,com.mooc.house.api.model.User)
2018-07-24 13:57:04.967 [main] INFO  [org.springframework.web.servlet.mvc.method.annotation.RequestMappingHandlerMapping:543] [,] - Mapped "{[/accounts/logout]}" onto public java.lang.String com.mooc.house.api.controller.UserController.logout(javax.servlet.http.HttpServletRequest)
2018-07-24 13:57:04.967 [main] INFO  [org.springframework.web.servlet.mvc.method.annotation.RequestMappingHandlerMapping:543] [,] - Mapped "{[/accounts/profileSubmit],methods=[POST || GET]}" onto public java.lang.String com.mooc.house.api.controller.UserController.profileSubmit(javax.servlet.http.HttpServletRequest,com.mooc.house.api.model.User,org.springframework.ui.ModelMap)
2018-07-24 13:57:04.968 [main] INFO  [org.springframework.web.servlet.mvc.method.annotation.RequestMappingHandlerMapping:543] [,] - Mapped "{[/accounts/changePassword]}" onto public java.lang.String com.mooc.house.api.controller.UserController.changePassword(java.lang.String,java.lang.String,java.lang.String,java.lang.String,org.springframework.ui.ModelMap)
2018-07-24 13:57:04.969 [main] INFO  [org.springframework.web.servlet.mvc.method.annotation.RequestMappingHandlerMapping:543] [,] - Mapped "{[/error]}" onto public org.springframework.http.ResponseEntity<java.util.Map<java.lang.String, java.lang.Object>> org.springframework.boot.autoconfigure.web.BasicErrorController.error(javax.servlet.http.HttpServletRequest)
2018-07-24 13:57:04.970 [main] INFO  [org.springframework.web.servlet.mvc.method.annotation.RequestMappingHandlerMapping:543] [,] - Mapped "{[/error],produces=[text/html]}" onto public org.springframework.web.servlet.ModelAndView org.springframework.boot.autoconfigure.web.BasicErrorController.errorHtml(javax.servlet.http.HttpServletRequest,javax.servlet.http.HttpServletResponse)
2018-07-24 13:57:05.143 [main] INFO  [org.springframework.web.servlet.handler.SimpleUrlHandlerMapping:362] [,] - Mapped URL path [/webjars/**] onto handler of type [class org.springframework.web.servlet.resource.ResourceHttpRequestHandler]
2018-07-24 13:57:05.143 [main] INFO  [org.springframework.web.servlet.handler.SimpleUrlHandlerMapping:362] [,] - Mapped URL path [/**] onto handler of type [class org.springframework.web.servlet.resource.ResourceHttpRequestHandler]
2018-07-24 13:57:05.190 [main] INFO  [org.springframework.web.servlet.mvc.method.annotation.ExceptionHandlerExceptionResolver:273] [,] - Detected @ExceptionHandler methods in errorController
2018-07-24 13:57:05.305 [main] INFO  [org.springframework.web.servlet.handler.SimpleUrlHandlerMapping:362] [,] - Mapped URL path [/**/favicon.ico] onto handler of type [class org.springframework.web.servlet.resource.ResourceHttpRequestHandler]
2018-07-24 13:57:05.910 [main] INFO  [org.springframework.scheduling.concurrent.ThreadPoolTaskScheduler:165] [,] - Initializing ExecutorService  'registrationTaskScheduler'
2018-07-24 13:57:07.897 [main] INFO  [org.springframework.web.servlet.view.freemarker.FreeMarkerConfigurer:127] [,] - ClassTemplateLoader for Spring macros added to FreeMarker configuration
2018-07-24 13:57:08.488 [main] WARN  [org.springframework.boot.starter.redis.RedisStarterDeprecationWarningAutoConfiguration:43] [,] - spring-boot-starter-redis is deprecated as of Spring Boot 1.4, please migrate to spring-boot-starter-data-redis
2018-07-24 13:57:08.998 [main] WARN  [com.netflix.config.sources.URLConfigurationSource:121] [,] - No URLs will be polled as dynamic configuration sources.
2018-07-24 13:57:08.998 [main] INFO  [com.netflix.config.sources.URLConfigurationSource:122] [,] - To enable URLs as dynamic configuration sources, define System property archaius.configurationSource.additionalUrls or make config.properties available on classpath.
2018-07-24 13:57:09.316 [main] INFO  [org.springframework.scheduling.concurrent.ThreadPoolTaskScheduler:165] [,] - Initializing ExecutorService 
2018-07-24 13:57:09.632 [main] INFO  [org.springframework.jmx.export.annotation.AnnotationMBeanExporter:431] [,] - Registering beans for JMX exposure on startup
2018-07-24 13:57:09.643 [main] INFO  [org.springframework.jmx.export.annotation.AnnotationMBeanExporter:916] [,] - Bean with name 'environmentManager' has been autodetected for JMX exposure
2018-07-24 13:57:09.645 [main] INFO  [org.springframework.jmx.export.annotation.AnnotationMBeanExporter:916] [,] - Bean with name 'configurationPropertiesRebinder' has been autodetected for JMX exposure
2018-07-24 13:57:09.646 [main] INFO  [org.springframework.jmx.export.annotation.AnnotationMBeanExporter:916] [,] - Bean with name 'refreshEndpoint' has been autodetected for JMX exposure
2018-07-24 13:57:09.646 [main] INFO  [org.springframework.jmx.export.annotation.AnnotationMBeanExporter:916] [,] - Bean with name 'restartEndpoint' has been autodetected for JMX exposure
2018-07-24 13:57:09.649 [main] INFO  [org.springframework.jmx.export.annotation.AnnotationMBeanExporter:916] [,] - Bean with name 'refreshScope' has been autodetected for JMX exposure
2018-07-24 13:57:09.652 [main] INFO  [org.springframework.jmx.export.annotation.AnnotationMBeanExporter:678] [,] - Located managed bean 'environmentManager': registering with JMX server as MBean [org.springframework.cloud.context.environment:name=environmentManager,type=EnvironmentManager]
2018-07-24 13:57:09.667 [main] INFO  [org.springframework.jmx.export.annotation.AnnotationMBeanExporter:678] [,] - Located managed bean 'restartEndpoint': registering with JMX server as MBean [org.springframework.cloud.context.restart:name=restartEndpoint,type=RestartEndpoint]
2018-07-24 13:57:09.679 [main] INFO  [org.springframework.jmx.export.annotation.AnnotationMBeanExporter:678] [,] - Located managed bean 'refreshScope': registering with JMX server as MBean [org.springframework.cloud.context.scope.refresh:name=refreshScope,type=RefreshScope]
2018-07-24 13:57:09.692 [main] INFO  [org.springframework.jmx.export.annotation.AnnotationMBeanExporter:678] [,] - Located managed bean 'configurationPropertiesRebinder': registering with JMX server as MBean [org.springframework.cloud.context.properties:name=configurationPropertiesRebinder,context=702b06fb,type=ConfigurationPropertiesRebinder]
2018-07-24 13:57:09.699 [main] INFO  [org.springframework.jmx.export.annotation.AnnotationMBeanExporter:678] [,] - Located managed bean 'refreshEndpoint': registering with JMX server as MBean [org.springframework.cloud.endpoint:name=refreshEndpoint,type=RefreshEndpoint]
2018-07-24 13:57:09.700 [main] INFO  [org.springframework.boot.actuate.endpoint.jmx.EndpointMBeanExporter:431] [,] - Registering beans for JMX exposure on startup
2018-07-24 13:57:09.702 [main] INFO  [org.springframework.boot.context.embedded.AnnotationConfigEmbeddedWebApplicationContext:583] [,] - Refreshing org.springframework.boot.context.embedded.AnnotationConfigEmbeddedWebApplicationContext@7e765313: startup date [Tue Jul 24 13:57:09 CST 2018]; parent: org.springframework.boot.context.embedded.AnnotationConfigEmbeddedWebApplicationContext@702b06fb
2018-07-24 13:57:09.760 [main] INFO  [org.springframework.beans.factory.support.DefaultListableBeanFactory:828] [,] - Overriding bean definition for bean 'handlerExceptionResolver' with a different definition: replacing [Root bean: class [null]; scope=; abstract=false; lazyInit=false; autowireMode=3; dependencyCheck=0; autowireCandidate=true; primary=false; factoryBeanName=org.springframework.web.servlet.config.annotation.DelegatingWebMvcConfiguration; factoryMethodName=handlerExceptionResolver; initMethodName=null; destroyMethodName=(inferred); defined in org.springframework.web.servlet.config.annotation.DelegatingWebMvcConfiguration] with [Root bean: class [null]; scope=; abstract=false; lazyInit=false; autowireMode=3; dependencyCheck=0; autowireCandidate=true; primary=false; factoryBeanName=endpointWebMvcChildContextConfiguration; factoryMethodName=compositeHandlerExceptionResolver; initMethodName=null; destroyMethodName=(inferred); defined in org.springframework.boot.actuate.autoconfigure.EndpointWebMvcChildContextConfiguration]
2018-07-24 13:57:09.802 [main] INFO  [org.springframework.beans.factory.annotation.AutowiredAnnotationBeanPostProcessor:155] [,] - JSR-330 'javax.inject.Inject' annotation found and supported for autowiring
2018-07-24 13:57:09.829 [main] INFO  [org.springframework.boot.context.embedded.tomcat.TomcatEmbeddedServletContainer:89] [,] - Tomcat initialized with port(s): 8023 (http)
2018-07-24 13:57:09.830 [main] INFO  [org.apache.catalina.core.StandardService:179] [,] - Starting service [Tomcat]
2018-07-24 13:57:09.830 [main] INFO  [org.apache.catalina.core.StandardEngine:179] [,] - Starting Servlet Engine: Apache Tomcat/8.5.15
2018-07-24 13:57:09.863 [localhost-startStop-1] INFO  [org.apache.catalina.core.ContainerBase.[Tomcat-1].[localhost].[/]:179] [,] - Initializing Spring embedded WebApplicationContext
2018-07-24 13:57:09.863 [localhost-startStop-1] INFO  [org.springframework.web.context.ContextLoader:276] [,] - Root WebApplicationContext: initialization completed in 161 ms
2018-07-24 13:57:09.866 [localhost-startStop-1] INFO  [org.springframework.boot.web.servlet.ServletRegistrationBean:190] [,] - Mapping servlet: 'dispatcherServlet' to [/]
2018-07-24 13:57:10.003 [main] INFO  [org.springframework.boot.actuate.endpoint.mvc.EndpointHandlerMapping:543] [,] - Mapped "{[/features || /features.json],methods=[GET],produces=[application/json]}" onto public java.lang.Object org.springframework.boot.actuate.endpoint.mvc.EndpointMvcAdapter.invoke()
2018-07-24 13:57:10.004 [main] INFO  [org.springframework.boot.actuate.endpoint.mvc.EndpointHandlerMapping:543] [,] - Mapped "{[/configprops || /configprops.json],methods=[GET],produces=[application/json]}" onto public java.lang.Object org.springframework.boot.actuate.endpoint.mvc.EndpointMvcAdapter.invoke()
2018-07-24 13:57:10.004 [main] INFO  [org.springframework.boot.actuate.endpoint.mvc.EndpointHandlerMapping:543] [,] - Mapped "{[/metrics/{name:.*}],methods=[GET],produces=[application/json]}" onto public java.lang.Object org.springframework.boot.actuate.endpoint.mvc.MetricsMvcEndpoint.value(java.lang.String)
2018-07-24 13:57:10.005 [main] INFO  [org.springframework.boot.actuate.endpoint.mvc.EndpointHandlerMapping:543] [,] - Mapped "{[/metrics || /metrics.json],methods=[GET],produces=[application/json]}" onto public java.lang.Object org.springframework.boot.actuate.endpoint.mvc.EndpointMvcAdapter.invoke()
2018-07-24 13:57:10.006 [main] INFO  [org.springframework.boot.actuate.endpoint.mvc.EndpointHandlerMapping:543] [,] - Mapped "{[/info || /info.json],methods=[GET],produces=[application/json]}" onto public java.lang.Object org.springframework.boot.actuate.endpoint.mvc.EndpointMvcAdapter.invoke()
2018-07-24 13:57:10.008 [main] INFO  [org.springframework.boot.actuate.endpoint.mvc.EndpointHandlerMapping:543] [,] - Mapped "{[/archaius || /archaius.json],methods=[GET],produces=[application/json]}" onto public java.lang.Object org.springframework.boot.actuate.endpoint.mvc.EndpointMvcAdapter.invoke()
2018-07-24 13:57:10.008 [main] INFO  [org.springframework.boot.actuate.endpoint.mvc.EndpointHandlerMapping:543] [,] - Mapped "{[/refresh || /refresh.json],methods=[POST]}" onto public java.lang.Object org.springframework.cloud.endpoint.GenericPostableMvcEndpoint.invoke()
2018-07-24 13:57:10.008 [main] INFO  [org.springframework.boot.actuate.endpoint.mvc.EndpointHandlerMapping:543] [,] - Mapped "{[/pause || /pause.json],methods=[POST]}" onto public java.lang.Object org.springframework.cloud.endpoint.GenericPostableMvcEndpoint.invoke()
2018-07-24 13:57:10.009 [main] INFO  [org.springframework.boot.actuate.endpoint.mvc.EndpointHandlerMapping:543] [,] - Mapped "{[/autoconfig || /autoconfig.json],methods=[GET],produces=[application/json]}" onto public java.lang.Object org.springframework.boot.actuate.endpoint.mvc.EndpointMvcAdapter.invoke()
2018-07-24 13:57:10.010 [main] INFO  [org.springframework.boot.actuate.endpoint.mvc.EndpointHandlerMapping:543] [,] - Mapped "{[/health || /health.json],produces=[application/json]}" onto public java.lang.Object org.springframework.boot.actuate.endpoint.mvc.HealthMvcEndpoint.invoke(java.security.Principal)
2018-07-24 13:57:10.010 [main] INFO  [org.springframework.boot.actuate.endpoint.mvc.EndpointHandlerMapping:543] [,] - Mapped "{[/hystrix.stream/**]}" onto public org.springframework.web.servlet.ModelAndView org.springframework.cloud.netflix.endpoint.ServletWrappingEndpoint.handle(javax.servlet.http.HttpServletRequest,javax.servlet.http.HttpServletResponse) throws java.lang.Exception
2018-07-24 13:57:10.011 [main] INFO  [org.springframework.boot.actuate.endpoint.mvc.EndpointHandlerMapping:543] [,] - Mapped "{[/heapdump || /heapdump.json],methods=[GET],produces=[application/octet-stream]}" onto public void org.springframework.boot.actuate.endpoint.mvc.HeapdumpMvcEndpoint.invoke(boolean,javax.servlet.http.HttpServletRequest,javax.servlet.http.HttpServletResponse) throws java.io.IOException,javax.servlet.ServletException
2018-07-24 13:57:10.012 [main] INFO  [org.springframework.boot.actuate.endpoint.mvc.EndpointHandlerMapping:543] [,] - Mapped "{[/beans || /beans.json],methods=[GET],produces=[application/json]}" onto public java.lang.Object org.springframework.boot.actuate.endpoint.mvc.EndpointMvcAdapter.invoke()
2018-07-24 13:57:10.016 [main] INFO  [org.springframework.boot.actuate.endpoint.mvc.EndpointHandlerMapping:543] [,] - Mapped "{[/env/{name:.*}],methods=[GET],produces=[application/json]}" onto public java.lang.Object org.springframework.boot.actuate.endpoint.mvc.EnvironmentMvcEndpoint.value(java.lang.String)
2018-07-24 13:57:10.016 [main] INFO  [org.springframework.boot.actuate.endpoint.mvc.EndpointHandlerMapping:543] [,] - Mapped "{[/env || /env.json],methods=[GET],produces=[application/json]}" onto public java.lang.Object org.springframework.boot.actuate.endpoint.mvc.EndpointMvcAdapter.invoke()
2018-07-24 13:57:10.016 [main] INFO  [org.springframework.boot.actuate.endpoint.mvc.EndpointHandlerMapping:543] [,] - Mapped "{[/resume || /resume.json],methods=[POST]}" onto public java.lang.Object org.springframework.cloud.endpoint.GenericPostableMvcEndpoint.invoke()
2018-07-24 13:57:10.016 [main] INFO  [org.springframework.boot.actuate.endpoint.mvc.EndpointHandlerMapping:543] [,] - Mapped "{[/dump || /dump.json],methods=[GET],produces=[application/json]}" onto public java.lang.Object org.springframework.boot.actuate.endpoint.mvc.EndpointMvcAdapter.invoke()
2018-07-24 13:57:10.017 [main] INFO  [org.springframework.boot.actuate.endpoint.mvc.EndpointHandlerMapping:543] [,] - Mapped "{[/restart || /restart.json],methods=[POST]}" onto public java.lang.Object org.springframework.cloud.context.restart.RestartMvcEndpoint.invoke()
2018-07-24 13:57:10.017 [main] INFO  [org.springframework.boot.actuate.endpoint.mvc.EndpointHandlerMapping:543] [,] - Mapped "{[/env],methods=[POST]}" onto public java.lang.Object org.springframework.cloud.context.environment.EnvironmentManagerMvcEndpoint.value(java.util.Map<java.lang.String, java.lang.String>)
2018-07-24 13:57:10.018 [main] INFO  [org.springframework.boot.actuate.endpoint.mvc.EndpointHandlerMapping:543] [,] - Mapped "{[/env/reset],methods=[POST]}" onto public java.util.Map<java.lang.String, java.lang.Object> org.springframework.cloud.context.environment.EnvironmentManagerMvcEndpoint.reset()
2018-07-24 13:57:10.019 [main] INFO  [org.springframework.boot.actuate.endpoint.mvc.EndpointHandlerMapping:543] [,] - Mapped "{[/trace || /trace.json],methods=[GET],produces=[application/json]}" onto public java.lang.Object org.springframework.boot.actuate.endpoint.mvc.EndpointMvcAdapter.invoke()
2018-07-24 13:57:10.020 [main] INFO  [org.springframework.boot.actuate.endpoint.mvc.EndpointHandlerMapping:543] [,] - Mapped "{[/mappings || /mappings.json],methods=[GET],produces=[application/json]}" onto public java.lang.Object org.springframework.boot.actuate.endpoint.mvc.EndpointMvcAdapter.invoke()
2018-07-24 13:57:10.021 [main] INFO  [org.springframework.boot.actuate.endpoint.mvc.EndpointHandlerMapping:543] [,] - Mapped "{[/jolokia/**]}" onto public org.springframework.web.servlet.ModelAndView org.springframework.boot.actuate.endpoint.mvc.JolokiaMvcEndpoint.handle(javax.servlet.http.HttpServletRequest,javax.servlet.http.HttpServletResponse) throws java.lang.Exception
2018-07-24 13:57:10.038 [main] INFO  [org.springframework.web.servlet.mvc.method.annotation.RequestMappingHandlerMapping:543] [,] - Mapped "{[/error]}" onto public java.util.Map<java.lang.String, java.lang.Object> org.springframework.boot.actuate.endpoint.mvc.ManagementErrorEndpoint.invoke()
2018-07-24 13:57:10.047 [main] INFO  [org.springframework.web.servlet.handler.SimpleUrlHandlerMapping:362] [,] - Mapped URL path [/webjars/**] onto handler of type [class org.springframework.web.servlet.resource.ResourceHttpRequestHandler]
2018-07-24 13:57:10.047 [main] INFO  [org.springframework.web.servlet.handler.SimpleUrlHandlerMapping:362] [,] - Mapped URL path [/**] onto handler of type [class org.springframework.web.servlet.resource.ResourceHttpRequestHandler]
2018-07-24 13:57:10.057 [main] INFO  [org.springframework.web.servlet.mvc.method.annotation.RequestMappingHandlerAdapter:534] [,] - Looking for @ControllerAdvice: org.springframework.boot.context.embedded.AnnotationConfigEmbeddedWebApplicationContext@7e765313: startup date [Tue Jul 24 13:57:09 CST 2018]; parent: org.springframework.boot.context.embedded.AnnotationConfigEmbeddedWebApplicationContext@702b06fb
2018-07-24 13:57:10.130 [main] INFO  [org.apache.coyote.http11.Http11NioProtocol:179] [,] - Initializing ProtocolHandler ["http-nio-8023"]
2018-07-24 13:57:10.157 [main] INFO  [org.apache.coyote.http11.Http11NioProtocol:179] [,] - Starting ProtocolHandler ["http-nio-8023"]
2018-07-24 13:57:10.171 [main] INFO  [org.apache.tomcat.util.net.NioSelectorPool:179] [,] - Using a shared selector for servlet write/read
2018-07-24 13:57:10.195 [main] INFO  [org.springframework.boot.context.embedded.tomcat.TomcatEmbeddedServletContainer:198] [,] - Tomcat started on port(s): 8023 (http)
2018-07-24 13:57:10.196 [main] INFO  [org.springframework.cloud.netflix.eureka.EurekaDiscoveryClientConfiguration:168] [,] - Updating port to 8023
2018-07-24 13:57:10.203 [main] INFO  [org.springframework.cloud.netflix.eureka.InstanceInfoFactory:70] [,] - Setting initial instance status as: STARTING
2018-07-24 13:57:10.474 [main] INFO  [com.netflix.discovery.provider.DiscoveryJerseyProvider:70] [,] - Using JSON encoding codec LegacyJacksonJson
2018-07-24 13:57:10.474 [main] INFO  [com.netflix.discovery.provider.DiscoveryJerseyProvider:71] [,] - Using JSON decoding codec LegacyJacksonJson
2018-07-24 13:57:10.609 [main] INFO  [com.netflix.discovery.provider.DiscoveryJerseyProvider:80] [,] - Using XML encoding codec XStreamXml
2018-07-24 13:57:10.609 [main] INFO  [com.netflix.discovery.provider.DiscoveryJerseyProvider:81] [,] - Using XML decoding codec XStreamXml
2018-07-24 13:57:10.850 [main] INFO  [com.netflix.discovery.shared.resolver.aws.ConfigClusterResolver:43] [,] - Resolving eureka endpoints via configuration
2018-07-24 13:57:10.945 [main] INFO  [com.netflix.discovery.DiscoveryClient:937] [,] - Disable delta property : false
2018-07-24 13:57:10.945 [main] INFO  [com.netflix.discovery.DiscoveryClient:938] [,] - Single vip registry refresh property : null
2018-07-24 13:57:10.946 [main] INFO  [com.netflix.discovery.DiscoveryClient:939] [,] - Force full registry fetch : false
2018-07-24 13:57:10.946 [main] INFO  [com.netflix.discovery.DiscoveryClient:940] [,] - Application is null : false
2018-07-24 13:57:10.946 [main] INFO  [com.netflix.discovery.DiscoveryClient:941] [,] - Registered Applications size is zero : true
2018-07-24 13:57:10.946 [main] INFO  [com.netflix.discovery.DiscoveryClient:943] [,] - Application version is -1: true
2018-07-24 13:57:10.946 [main] INFO  [com.netflix.discovery.DiscoveryClient:1026] [,] - Getting all instance registry info from the eureka server
2018-07-24 13:57:11.271 [main] INFO  [com.netflix.discovery.DiscoveryClient:1035] [,] - The response status is 200
2018-07-24 13:57:11.272 [main] INFO  [com.netflix.discovery.DiscoveryClient:1308] [,] - Not registering with Eureka server per configuration
2018-07-24 13:57:11.275 [main] INFO  [com.netflix.discovery.DiscoveryClient:461] [,] - Discovery Client initialized at timestamp 1532411831274 with initial instances count: 1
2018-07-24 13:57:11.398 [main] INFO  [org.springframework.cloud.netflix.eureka.EurekaDiscoveryClientConfiguration:100] [,] - Registering application api-gateway with eureka with status UP
2018-07-24 13:57:11.792 [main] INFO  [org.apache.catalina.core.ContainerBase.[Tomcat].[localhost].[/]:179] [,] - jolokia: No access restrictor found, access to any MBean is allowed
2018-07-24 13:57:11.797 [main] INFO  [org.apache.catalina.core.ContainerBase.[Tomcat].[localhost].[/]:179] [,] - jolokia: jolokia:type=Config is already registered. Adding it with jolokia:type=Config,uuid=cd74d69c-7d18-4c66-ad10-71e21b92141b, but you should revise your setup in order to either use a qualifier or ensure, that only a single agent gets registered (otherwise history functionality might not work)
2018-07-24 13:57:11.797 [main] INFO  [org.apache.catalina.core.ContainerBase.[Tomcat].[localhost].[/]:179] [,] - jolokia: Cannot register (legacy) MBean handler for config store with name jmx4perl:type=Config since it already exists. This is the case if another agent has been already started within the same JVM. The registration is skipped.
2018-07-24 13:57:11.797 [main] INFO  [org.apache.catalina.core.ContainerBase.[Tomcat].[localhost].[/]:179] [,] - jolokia: Jolokia Discovery MBean registration is skipped because there is already one registered.
2018-07-24 13:57:11.911 [main] INFO  [org.springframework.context.support.DefaultLifecycleProcessor:343] [,] - Starting beans in phase 0
2018-07-24 13:57:11.917 [main] INFO  [org.springframework.boot.actuate.endpoint.jmx.EndpointMBeanExporter:678] [,] - Located managed bean 'featuresEndpoint': registering with JMX server as MBean [org.springframework.boot:type=Endpoint,name=featuresEndpoint]
2018-07-24 13:57:11.927 [main] INFO  [org.springframework.boot.actuate.endpoint.jmx.EndpointMBeanExporter:678] [,] - Located managed bean 'requestMappingEndpoint': registering with JMX server as MBean [org.springframework.boot:type=Endpoint,name=requestMappingEndpoint]
2018-07-24 13:57:11.929 [main] INFO  [org.springframework.boot.actuate.endpoint.jmx.EndpointMBeanExporter:678] [,] - Located managed bean 'environmentEndpoint': registering with JMX server as MBean [org.springframework.boot:type=Endpoint,name=environmentEndpoint]
2018-07-24 13:57:11.932 [main] INFO  [org.springframework.boot.actuate.endpoint.jmx.EndpointMBeanExporter:678] [,] - Located managed bean 'healthEndpoint': registering with JMX server as MBean [org.springframework.boot:type=Endpoint,name=healthEndpoint]
2018-07-24 13:57:11.934 [main] INFO  [org.springframework.boot.actuate.endpoint.jmx.EndpointMBeanExporter:678] [,] - Located managed bean 'beansEndpoint': registering with JMX server as MBean [org.springframework.boot:type=Endpoint,name=beansEndpoint]
2018-07-24 13:57:11.936 [main] INFO  [org.springframework.boot.actuate.endpoint.jmx.EndpointMBeanExporter:678] [,] - Located managed bean 'infoEndpoint': registering with JMX server as MBean [org.springframework.boot:type=Endpoint,name=infoEndpoint]
2018-07-24 13:57:11.939 [main] INFO  [org.springframework.boot.actuate.endpoint.jmx.EndpointMBeanExporter:678] [,] - Located managed bean 'metricsEndpoint': registering with JMX server as MBean [org.springframework.boot:type=Endpoint,name=metricsEndpoint]
2018-07-24 13:57:11.941 [main] INFO  [org.springframework.boot.actuate.endpoint.jmx.EndpointMBeanExporter:678] [,] - Located managed bean 'traceEndpoint': registering with JMX server as MBean [org.springframework.boot:type=Endpoint,name=traceEndpoint]
2018-07-24 13:57:11.943 [main] INFO  [org.springframework.boot.actuate.endpoint.jmx.EndpointMBeanExporter:678] [,] - Located managed bean 'dumpEndpoint': registering with JMX server as MBean [org.springframework.boot:type=Endpoint,name=dumpEndpoint]
2018-07-24 13:57:11.945 [main] INFO  [org.springframework.boot.actuate.endpoint.jmx.EndpointMBeanExporter:678] [,] - Located managed bean 'autoConfigurationReportEndpoint': registering with JMX server as MBean [org.springframework.boot:type=Endpoint,name=autoConfigurationReportEndpoint]
2018-07-24 13:57:11.948 [main] INFO  [org.springframework.boot.actuate.endpoint.jmx.EndpointMBeanExporter:678] [,] - Located managed bean 'configurationPropertiesReportEndpoint': registering with JMX server as MBean [org.springframework.boot:type=Endpoint,name=configurationPropertiesReportEndpoint]
2018-07-24 13:57:11.949 [main] INFO  [org.springframework.boot.actuate.endpoint.jmx.EndpointMBeanExporter:678] [,] - Located managed bean 'archaiusEndpoint': registering with JMX server as MBean [org.springframework.boot:type=Endpoint,name=archaiusEndpoint]
2018-07-24 13:57:11.951 [main] INFO  [org.springframework.context.support.DefaultLifecycleProcessor:343] [,] - Starting beans in phase 2147483647
2018-07-24 13:57:11.961 [main] INFO  [org.springframework.cloud.netflix.hystrix.HystrixCircuitBreakerConfiguration$HystrixMetricsPollerConfiguration:138] [,] - Starting poller
2018-07-24 13:57:12.012 [main] INFO  [org.apache.coyote.http11.Http11NioProtocol:179] [,] - Initializing ProtocolHandler ["http-nio-8080"]
2018-07-24 13:57:12.012 [main] INFO  [org.apache.coyote.http11.Http11NioProtocol:179] [,] - Starting ProtocolHandler ["http-nio-8080"]
2018-07-24 13:57:12.013 [main] INFO  [org.apache.tomcat.util.net.NioSelectorPool:179] [,] - Using a shared selector for servlet write/read
2018-07-24 13:57:12.020 [main] INFO  [org.springframework.boot.context.embedded.tomcat.TomcatEmbeddedServletContainer:198] [,] - Tomcat started on port(s): 8080 (http)
2018-07-24 13:57:12.052 [main] INFO  [com.mooc.house.api.ApiGatewayApplication:57] [,] - Started ApiGatewayApplication in 23.867 seconds (JVM running for 27.729)
2018-07-24 13:57:13.184 [registrationTask1] WARN  [de.codecentric.boot.admin.client.registration.ApplicationRegistrator:88] [,] - Failed to register application as Application [name=api-gateway, managementUrl=http://USER-20170210CD:8023, healthUrl=http://USER-20170210CD:8023/health, serviceUrl=http://USER-20170210CD:8080] at spring-boot-admin ([http://localhost:8070/api/applications]): I/O error on POST request for "http://localhost:8070/api/applications": Connection refused: connect; nested exception is java.net.ConnectException: Connection refused: connect
2018-07-24 13:57:23.057 [registrationTask1] WARN  [de.codecentric.boot.admin.client.registration.ApplicationRegistrator:88] [,] - Failed to register application as Application [name=api-gateway, managementUrl=http://USER-20170210CD:8023, healthUrl=http://USER-20170210CD:8023/health, serviceUrl=http://USER-20170210CD:8080] at spring-boot-admin ([http://localhost:8070/api/applications]): I/O error on POST request for "http://localhost:8070/api/applications": Connection refused: connect; nested exception is java.net.ConnectException: Connection refused: connect
2018-07-24 13:57:33.057 [registrationTask1] WARN  [de.codecentric.boot.admin.client.registration.ApplicationRegistrator:88] [,] - Failed to register application as Application [name=api-gateway, managementUrl=http://USER-20170210CD:8023, healthUrl=http://USER-20170210CD:8023/health, serviceUrl=http://USER-20170210CD:8080] at spring-boot-admin ([http://localhost:8070/api/applications]): I/O error on POST request for "http://localhost:8070/api/applications": Connection refused: connect; nested exception is java.net.ConnectException: Connection refused: connect
2018-07-24 13:57:43.060 [registrationTask1] WARN  [de.codecentric.boot.admin.client.registration.ApplicationRegistrator:88] [,] - Failed to register application as Application [name=api-gateway, managementUrl=http://USER-20170210CD:8023, healthUrl=http://USER-20170210CD:8023/health, serviceUrl=http://USER-20170210CD:8080] at spring-boot-admin ([http://localhost:8070/api/applications]): I/O error on POST request for "http://localhost:8070/api/applications": Connection refused: connect; nested exception is java.net.ConnectException: Connection refused: connect
2018-07-24 13:57:50.215 [http-nio-8080-exec-10] INFO  [org.apache.catalina.core.ContainerBase.[Tomcat].[localhost].[/]:179] [,] - Initializing Spring FrameworkServlet 'dispatcherServlet'
2018-07-24 13:57:50.215 [http-nio-8080-exec-10] INFO  [org.springframework.web.servlet.DispatcherServlet:489] [,] - FrameworkServlet 'dispatcherServlet': initialization started
2018-07-24 13:57:50.266 [http-nio-8080-exec-10] INFO  [org.springframework.web.servlet.DispatcherServlet:508] [,] - FrameworkServlet 'dispatcherServlet': initialization completed in 51 ms
2018-07-24 13:57:52.015 [AsyncReporter(URLConnectionSender{encoding=THRIFT, messageMaxBytes=5242880, encoder=THRIFT, endpoint=http://localhost:9411/api/v1/spans, connectTimeout=10000, readTimeout=60000, compressionEnabled=false, mediaType=application/x-thrift})] WARN  [zipkin.reporter.AsyncReporter$BoundedAsyncReporter:266] [,] - Dropped 1 spans due to ConnectException(Connection refused: connect)
java.net.ConnectException: Connection refused: connect
	at java.net.DualStackPlainSocketImpl.waitForConnect(Native Method) ~[?:1.8.0_152]
	at java.net.DualStackPlainSocketImpl.socketConnect(DualStackPlainSocketImpl.java:85) ~[?:1.8.0_152]
	at java.net.AbstractPlainSocketImpl.doConnect(AbstractPlainSocketImpl.java:350) ~[?:1.8.0_152]
	at java.net.AbstractPlainSocketImpl.connectToAddress(AbstractPlainSocketImpl.java:206) ~[?:1.8.0_152]
	at java.net.AbstractPlainSocketImpl.connect(AbstractPlainSocketImpl.java:188) ~[?:1.8.0_152]
	at java.net.PlainSocketImpl.connect(PlainSocketImpl.java:172) ~[?:1.8.0_152]
	at java.net.SocksSocketImpl.connect(SocksSocketImpl.java:392) ~[?:1.8.0_152]
	at java.net.Socket.connect(Socket.java:589) ~[?:1.8.0_152]
	at sun.net.NetworkClient.doConnect(NetworkClient.java:175) ~[?:1.8.0_152]
	at sun.net.www.http.HttpClient.openServer(HttpClient.java:463) ~[?:1.8.0_152]
	at sun.net.www.http.HttpClient.openServer(HttpClient.java:558) ~[?:1.8.0_152]
	at sun.net.www.http.HttpClient.<init>(HttpClient.java:242) ~[?:1.8.0_152]
	at sun.net.www.http.HttpClient.New(HttpClient.java:339) ~[?:1.8.0_152]
	at sun.net.www.http.HttpClient.New(HttpClient.java:357) ~[?:1.8.0_152]
	at sun.net.www.protocol.http.HttpURLConnection.getNewHttpClient(HttpURLConnection.java:1220) ~[?:1.8.0_152]
	at sun.net.www.protocol.http.HttpURLConnection.plainConnect0(HttpURLConnection.java:1156) ~[?:1.8.0_152]
	at sun.net.www.protocol.http.HttpURLConnection.plainConnect(HttpURLConnection.java:1050) ~[?:1.8.0_152]
	at sun.net.www.protocol.http.HttpURLConnection.connect(HttpURLConnection.java:984) ~[?:1.8.0_152]
	at sun.net.www.protocol.http.HttpURLConnection.getOutputStream0(HttpURLConnection.java:1334) ~[?:1.8.0_152]
	at sun.net.www.protocol.http.HttpURLConnection.getOutputStream(HttpURLConnection.java:1309) ~[?:1.8.0_152]
	at zipkin.reporter.urlconnection.URLConnectionSender.send(URLConnectionSender.java:172) ~[zipkin-sender-urlconnection-0.6.14.jar:?]
	at zipkin.reporter.urlconnection.URLConnectionSender.sendSpans(URLConnectionSender.java:133) ~[zipkin-sender-urlconnection-0.6.14.jar:?]
	at zipkin.reporter.AsyncReporter$BoundedAsyncReporter.flush(AsyncReporter.java:228) ~[zipkin-reporter-0.6.14.jar:?]
	at zipkin.reporter.AsyncReporter$Builder.lambda$build$0(AsyncReporter.java:153) ~[zipkin-reporter-0.6.14.jar:?]
	at zipkin.reporter.AsyncReporter$Builder$$Lambda$1.run(Unknown Source) ~[zipkin-reporter-0.6.14.jar:?]
	at java.lang.Thread.run(Thread.java:748) [?:1.8.0_152]
2018-07-24 13:57:53.059 [registrationTask1] WARN  [de.codecentric.boot.admin.client.registration.ApplicationRegistrator:88] [,] - Failed to register application as Application [name=api-gateway, managementUrl=http://USER-20170210CD:8023, healthUrl=http://USER-20170210CD:8023/health, serviceUrl=http://USER-20170210CD:8080] at spring-boot-admin ([http://localhost:8070/api/applications]): I/O error on POST request for "http://localhost:8070/api/applications": Connection refused: connect; nested exception is java.net.ConnectException: Connection refused: connect
2018-07-24 13:58:03.058 [registrationTask1] WARN  [de.codecentric.boot.admin.client.registration.ApplicationRegistrator:88] [,] - Failed to register application as Application [name=api-gateway, managementUrl=http://USER-20170210CD:8023, healthUrl=http://USER-20170210CD:8023/health, serviceUrl=http://USER-20170210CD:8080] at spring-boot-admin ([http://localhost:8070/api/applications]): I/O error on POST request for "http://localhost:8070/api/applications": Connection refused: connect; nested exception is java.net.ConnectException: Connection refused: connect
2018-07-24 13:58:13.059 [registrationTask1] WARN  [de.codecentric.boot.admin.client.registration.ApplicationRegistrator:88] [,] - Failed to register application as Application [name=api-gateway, managementUrl=http://USER-20170210CD:8023, healthUrl=http://USER-20170210CD:8023/health, serviceUrl=http://USER-20170210CD:8080] at spring-boot-admin ([http://localhost:8070/api/applications]): I/O error on POST request for "http://localhost:8070/api/applications": Connection refused: connect; nested exception is java.net.ConnectException: Connection refused: connect
2018-07-24 13:58:23.061 [registrationTask1] WARN  [de.codecentric.boot.admin.client.registration.ApplicationRegistrator:88] [,] - Failed to register application as Application [name=api-gateway, managementUrl=http://USER-20170210CD:8023, healthUrl=http://USER-20170210CD:8023/health, serviceUrl=http://USER-20170210CD:8080] at spring-boot-admin ([http://localhost:8070/api/applications]): I/O error on POST request for "http://localhost:8070/api/applications": Connection refused: connect; nested exception is java.net.ConnectException: Connection refused: connect
2018-07-24 13:58:33.058 [registrationTask1] WARN  [de.codecentric.boot.admin.client.registration.ApplicationRegistrator:88] [,] - Failed to register application as Application [name=api-gateway, managementUrl=http://USER-20170210CD:8023, healthUrl=http://USER-20170210CD:8023/health, serviceUrl=http://USER-20170210CD:8080] at spring-boot-admin ([http://localhost:8070/api/applications]): I/O error on POST request for "http://localhost:8070/api/applications": Connection refused: connect; nested exception is java.net.ConnectException: Connection refused: connect
2018-07-24 13:58:43.056 [registrationTask1] WARN  [de.codecentric.boot.admin.client.registration.ApplicationRegistrator:88] [,] - Failed to register application as Application [name=api-gateway, managementUrl=http://USER-20170210CD:8023, healthUrl=http://USER-20170210CD:8023/health, serviceUrl=http://USER-20170210CD:8080] at spring-boot-admin ([http://localhost:8070/api/applications]): I/O error on POST request for "http://localhost:8070/api/applications": Connection refused: connect; nested exception is java.net.ConnectException: Connection refused: connect
2018-07-24 13:58:53.055 [registrationTask1] WARN  [de.codecentric.boot.admin.client.registration.ApplicationRegistrator:88] [,] - Failed to register application as Application [name=api-gateway, managementUrl=http://USER-20170210CD:8023, healthUrl=http://USER-20170210CD:8023/health, serviceUrl=http://USER-20170210CD:8080] at spring-boot-admin ([http://localhost:8070/api/applications]): I/O error on POST request for "http://localhost:8070/api/applications": Connection refused: connect; nested exception is java.net.ConnectException: Connection refused: connect
2018-07-24 13:59:03.055 [registrationTask1] WARN  [de.codecentric.boot.admin.client.registration.ApplicationRegistrator:88] [,] - Failed to register application as Application [name=api-gateway, managementUrl=http://USER-20170210CD:8023, healthUrl=http://USER-20170210CD:8023/health, serviceUrl=http://USER-20170210CD:8080] at spring-boot-admin ([http://localhost:8070/api/applications]): I/O error on POST request for "http://localhost:8070/api/applications": Connection refused: connect; nested exception is java.net.ConnectException: Connection refused: connect
2018-07-24 13:59:13.059 [registrationTask1] WARN  [de.codecentric.boot.admin.client.registration.ApplicationRegistrator:88] [,] - Failed to register application as Application [name=api-gateway, managementUrl=http://USER-20170210CD:8023, healthUrl=http://USER-20170210CD:8023/health, serviceUrl=http://USER-20170210CD:8080] at spring-boot-admin ([http://localhost:8070/api/applications]): I/O error on POST request for "http://localhost:8070/api/applications": Connection refused: connect; nested exception is java.net.ConnectException: Connection refused: connect
2018-07-24 13:59:23.057 [registrationTask1] WARN  [de.codecentric.boot.admin.client.registration.ApplicationRegistrator:88] [,] - Failed to register application as Application [name=api-gateway, managementUrl=http://USER-20170210CD:8023, healthUrl=http://USER-20170210CD:8023/health, serviceUrl=http://USER-20170210CD:8080] at spring-boot-admin ([http://localhost:8070/api/applications]): I/O error on POST request for "http://localhost:8070/api/applications": Connection refused: connect; nested exception is java.net.ConnectException: Connection refused: connect
2018-07-24 13:59:33.059 [registrationTask1] WARN  [de.codecentric.boot.admin.client.registration.ApplicationRegistrator:88] [,] - Failed to register application as Application [name=api-gateway, managementUrl=http://USER-20170210CD:8023, healthUrl=http://USER-20170210CD:8023/health, serviceUrl=http://USER-20170210CD:8080] at spring-boot-admin ([http://localhost:8070/api/applications]): I/O error on POST request for "http://localhost:8070/api/applications": Connection refused: connect; nested exception is java.net.ConnectException: Connection refused: connect
2018-07-24 13:59:43.065 [registrationTask1] WARN  [de.codecentric.boot.admin.client.registration.ApplicationRegistrator:88] [,] - Failed to register application as Application [name=api-gateway, managementUrl=http://USER-20170210CD:8023, healthUrl=http://USER-20170210CD:8023/health, serviceUrl=http://USER-20170210CD:8080] at spring-boot-admin ([http://localhost:8070/api/applications]): I/O error on POST request for "http://localhost:8070/api/applications": Connection refused: connect; nested exception is java.net.ConnectException: Connection refused: connect
2018-07-24 13:59:53.059 [registrationTask1] WARN  [de.codecentric.boot.admin.client.registration.ApplicationRegistrator:88] [,] - Failed to register application as Application [name=api-gateway, managementUrl=http://USER-20170210CD:8023, healthUrl=http://USER-20170210CD:8023/health, serviceUrl=http://USER-20170210CD:8080] at spring-boot-admin ([http://localhost:8070/api/applications]): I/O error on POST request for "http://localhost:8070/api/applications": Connection refused: connect; nested exception is java.net.ConnectException: Connection refused: connect
