2018-07-24 13:57:02.587 [main] WARN  [com.netflix.config.sources.URLConfigurationSource:121] [,] - No URLs will be polled as dynamic configuration sources.
2018-07-24 13:57:08.488 [main] WARN  [org.springframework.boot.starter.redis.RedisStarterDeprecationWarningAutoConfiguration:43] [,] - spring-boot-starter-redis is deprecated as of Spring Boot 1.4, please migrate to spring-boot-starter-data-redis
2018-07-24 13:57:08.998 [main] WARN  [com.netflix.config.sources.URLConfigurationSource:121] [,] - No URLs will be polled as dynamic configuration sources.
2018-07-24 13:57:13.184 [registrationTask1] WARN  [de.codecentric.boot.admin.client.registration.ApplicationRegistrator:88] [,] - Failed to register application as Application [name=api-gateway, managementUrl=http://USER-20170210CD:8023, healthUrl=http://USER-20170210CD:8023/health, serviceUrl=http://USER-20170210CD:8080] at spring-boot-admin ([http://localhost:8070/api/applications]): I/O error on POST request for "http://localhost:8070/api/applications": Connection refused: connect; nested exception is java.net.ConnectException: Connection refused: connect
2018-07-24 13:57:23.057 [registrationTask1] WARN  [de.codecentric.boot.admin.client.registration.ApplicationRegistrator:88] [,] - Failed to register application as Application [name=api-gateway, managementUrl=http://USER-20170210CD:8023, healthUrl=http://USER-20170210CD:8023/health, serviceUrl=http://USER-20170210CD:8080] at spring-boot-admin ([http://localhost:8070/api/applications]): I/O error on POST request for "http://localhost:8070/api/applications": Connection refused: connect; nested exception is java.net.ConnectException: Connection refused: connect
2018-07-24 13:57:33.057 [registrationTask1] WARN  [de.codecentric.boot.admin.client.registration.ApplicationRegistrator:88] [,] - Failed to register application as Application [name=api-gateway, managementUrl=http://USER-20170210CD:8023, healthUrl=http://USER-20170210CD:8023/health, serviceUrl=http://USER-20170210CD:8080] at spring-boot-admin ([http://localhost:8070/api/applications]): I/O error on POST request for "http://localhost:8070/api/applications": Connection refused: connect; nested exception is java.net.ConnectException: Connection refused: connect
2018-07-24 13:57:43.060 [registrationTask1] WARN  [de.codecentric.boot.admin.client.registration.ApplicationRegistrator:88] [,] - Failed to register application as Application [name=api-gateway, managementUrl=http://USER-20170210CD:8023, healthUrl=http://USER-20170210CD:8023/health, serviceUrl=http://USER-20170210CD:8080] at spring-boot-admin ([http://localhost:8070/api/applications]): I/O error on POST request for "http://localhost:8070/api/applications": Connection refused: connect; nested exception is java.net.ConnectException: Connection refused: connect
2018-07-24 13:57:52.015 [AsyncReporter(URLConnectionSender{encoding=THRIFT, messageMaxBytes=5242880, encoder=THRIFT, endpoint=http://localhost:9411/api/v1/spans, connectTimeout=10000, readTimeout=60000, compressionEnabled=false, mediaType=application/x-thrift})] WARN  [zipkin.reporter.AsyncReporter$BoundedAsyncReporter:266] [,] - Dropped 1 spans due to ConnectException(Connection refused: connect)
java.net.ConnectException: Connection refused: connect
	at java.net.DualStackPlainSocketImpl.waitForConnect(Native Method) ~[?:1.8.0_152]
	at java.net.DualStackPlainSocketImpl.socketConnect(DualStackPlainSocketImpl.java:85) ~[?:1.8.0_152]
	at java.net.AbstractPlainSocketImpl.doConnect(AbstractPlainSocketImpl.java:350) ~[?:1.8.0_152]
	at java.net.AbstractPlainSocketImpl.connectToAddress(AbstractPlainSocketImpl.java:206) ~[?:1.8.0_152]
	at java.net.AbstractPlainSocketImpl.connect(AbstractPlainSocketImpl.java:188) ~[?:1.8.0_152]
	at java.net.PlainSocketImpl.connect(PlainSocketImpl.java:172) ~[?:1.8.0_152]
	at java.net.SocksSocketImpl.connect(SocksSocketImpl.java:392) ~[?:1.8.0_152]
	at java.net.Socket.connect(Socket.java:589) ~[?:1.8.0_152]
	at sun.net.NetworkClient.doConnect(NetworkClient.java:175) ~[?:1.8.0_152]
	at sun.net.www.http.HttpClient.openServer(HttpClient.java:463) ~[?:1.8.0_152]
	at sun.net.www.http.HttpClient.openServer(HttpClient.java:558) ~[?:1.8.0_152]
	at sun.net.www.http.HttpClient.<init>(HttpClient.java:242) ~[?:1.8.0_152]
	at sun.net.www.http.HttpClient.New(HttpClient.java:339) ~[?:1.8.0_152]
	at sun.net.www.http.HttpClient.New(HttpClient.java:357) ~[?:1.8.0_152]
	at sun.net.www.protocol.http.HttpURLConnection.getNewHttpClient(HttpURLConnection.java:1220) ~[?:1.8.0_152]
	at sun.net.www.protocol.http.HttpURLConnection.plainConnect0(HttpURLConnection.java:1156) ~[?:1.8.0_152]
	at sun.net.www.protocol.http.HttpURLConnection.plainConnect(HttpURLConnection.java:1050) ~[?:1.8.0_152]
	at sun.net.www.protocol.http.HttpURLConnection.connect(HttpURLConnection.java:984) ~[?:1.8.0_152]
	at sun.net.www.protocol.http.HttpURLConnection.getOutputStream0(HttpURLConnection.java:1334) ~[?:1.8.0_152]
	at sun.net.www.protocol.http.HttpURLConnection.getOutputStream(HttpURLConnection.java:1309) ~[?:1.8.0_152]
	at zipkin.reporter.urlconnection.URLConnectionSender.send(URLConnectionSender.java:172) ~[zipkin-sender-urlconnection-0.6.14.jar:?]
	at zipkin.reporter.urlconnection.URLConnectionSender.sendSpans(URLConnectionSender.java:133) ~[zipkin-sender-urlconnection-0.6.14.jar:?]
	at zipkin.reporter.AsyncReporter$BoundedAsyncReporter.flush(AsyncReporter.java:228) ~[zipkin-reporter-0.6.14.jar:?]
	at zipkin.reporter.AsyncReporter$Builder.lambda$build$0(AsyncReporter.java:153) ~[zipkin-reporter-0.6.14.jar:?]
	at zipkin.reporter.AsyncReporter$Builder$$Lambda$1.run(Unknown Source) ~[zipkin-reporter-0.6.14.jar:?]
	at java.lang.Thread.run(Thread.java:748) [?:1.8.0_152]
2018-07-24 13:57:53.059 [registrationTask1] WARN  [de.codecentric.boot.admin.client.registration.ApplicationRegistrator:88] [,] - Failed to register application as Application [name=api-gateway, managementUrl=http://USER-20170210CD:8023, healthUrl=http://USER-20170210CD:8023/health, serviceUrl=http://USER-20170210CD:8080] at spring-boot-admin ([http://localhost:8070/api/applications]): I/O error on POST request for "http://localhost:8070/api/applications": Connection refused: connect; nested exception is java.net.ConnectException: Connection refused: connect
2018-07-24 13:58:03.058 [registrationTask1] WARN  [de.codecentric.boot.admin.client.registration.ApplicationRegistrator:88] [,] - Failed to register application as Application [name=api-gateway, managementUrl=http://USER-20170210CD:8023, healthUrl=http://USER-20170210CD:8023/health, serviceUrl=http://USER-20170210CD:8080] at spring-boot-admin ([http://localhost:8070/api/applications]): I/O error on POST request for "http://localhost:8070/api/applications": Connection refused: connect; nested exception is java.net.ConnectException: Connection refused: connect
2018-07-24 13:58:13.059 [registrationTask1] WARN  [de.codecentric.boot.admin.client.registration.ApplicationRegistrator:88] [,] - Failed to register application as Application [name=api-gateway, managementUrl=http://USER-20170210CD:8023, healthUrl=http://USER-20170210CD:8023/health, serviceUrl=http://USER-20170210CD:8080] at spring-boot-admin ([http://localhost:8070/api/applications]): I/O error on POST request for "http://localhost:8070/api/applications": Connection refused: connect; nested exception is java.net.ConnectException: Connection refused: connect
2018-07-24 13:58:23.061 [registrationTask1] WARN  [de.codecentric.boot.admin.client.registration.ApplicationRegistrator:88] [,] - Failed to register application as Application [name=api-gateway, managementUrl=http://USER-20170210CD:8023, healthUrl=http://USER-20170210CD:8023/health, serviceUrl=http://USER-20170210CD:8080] at spring-boot-admin ([http://localhost:8070/api/applications]): I/O error on POST request for "http://localhost:8070/api/applications": Connection refused: connect; nested exception is java.net.ConnectException: Connection refused: connect
2018-07-24 13:58:33.058 [registrationTask1] WARN  [de.codecentric.boot.admin.client.registration.ApplicationRegistrator:88] [,] - Failed to register application as Application [name=api-gateway, managementUrl=http://USER-20170210CD:8023, healthUrl=http://USER-20170210CD:8023/health, serviceUrl=http://USER-20170210CD:8080] at spring-boot-admin ([http://localhost:8070/api/applications]): I/O error on POST request for "http://localhost:8070/api/applications": Connection refused: connect; nested exception is java.net.ConnectException: Connection refused: connect
2018-07-24 13:58:43.056 [registrationTask1] WARN  [de.codecentric.boot.admin.client.registration.ApplicationRegistrator:88] [,] - Failed to register application as Application [name=api-gateway, managementUrl=http://USER-20170210CD:8023, healthUrl=http://USER-20170210CD:8023/health, serviceUrl=http://USER-20170210CD:8080] at spring-boot-admin ([http://localhost:8070/api/applications]): I/O error on POST request for "http://localhost:8070/api/applications": Connection refused: connect; nested exception is java.net.ConnectException: Connection refused: connect
2018-07-24 13:58:53.055 [registrationTask1] WARN  [de.codecentric.boot.admin.client.registration.ApplicationRegistrator:88] [,] - Failed to register application as Application [name=api-gateway, managementUrl=http://USER-20170210CD:8023, healthUrl=http://USER-20170210CD:8023/health, serviceUrl=http://USER-20170210CD:8080] at spring-boot-admin ([http://localhost:8070/api/applications]): I/O error on POST request for "http://localhost:8070/api/applications": Connection refused: connect; nested exception is java.net.ConnectException: Connection refused: connect
2018-07-24 13:59:03.055 [registrationTask1] WARN  [de.codecentric.boot.admin.client.registration.ApplicationRegistrator:88] [,] - Failed to register application as Application [name=api-gateway, managementUrl=http://USER-20170210CD:8023, healthUrl=http://USER-20170210CD:8023/health, serviceUrl=http://USER-20170210CD:8080] at spring-boot-admin ([http://localhost:8070/api/applications]): I/O error on POST request for "http://localhost:8070/api/applications": Connection refused: connect; nested exception is java.net.ConnectException: Connection refused: connect
2018-07-24 13:59:13.059 [registrationTask1] WARN  [de.codecentric.boot.admin.client.registration.ApplicationRegistrator:88] [,] - Failed to register application as Application [name=api-gateway, managementUrl=http://USER-20170210CD:8023, healthUrl=http://USER-20170210CD:8023/health, serviceUrl=http://USER-20170210CD:8080] at spring-boot-admin ([http://localhost:8070/api/applications]): I/O error on POST request for "http://localhost:8070/api/applications": Connection refused: connect; nested exception is java.net.ConnectException: Connection refused: connect
2018-07-24 13:59:23.057 [registrationTask1] WARN  [de.codecentric.boot.admin.client.registration.ApplicationRegistrator:88] [,] - Failed to register application as Application [name=api-gateway, managementUrl=http://USER-20170210CD:8023, healthUrl=http://USER-20170210CD:8023/health, serviceUrl=http://USER-20170210CD:8080] at spring-boot-admin ([http://localhost:8070/api/applications]): I/O error on POST request for "http://localhost:8070/api/applications": Connection refused: connect; nested exception is java.net.ConnectException: Connection refused: connect
2018-07-24 13:59:33.059 [registrationTask1] WARN  [de.codecentric.boot.admin.client.registration.ApplicationRegistrator:88] [,] - Failed to register application as Application [name=api-gateway, managementUrl=http://USER-20170210CD:8023, healthUrl=http://USER-20170210CD:8023/health, serviceUrl=http://USER-20170210CD:8080] at spring-boot-admin ([http://localhost:8070/api/applications]): I/O error on POST request for "http://localhost:8070/api/applications": Connection refused: connect; nested exception is java.net.ConnectException: Connection refused: connect
2018-07-24 13:59:43.065 [registrationTask1] WARN  [de.codecentric.boot.admin.client.registration.ApplicationRegistrator:88] [,] - Failed to register application as Application [name=api-gateway, managementUrl=http://USER-20170210CD:8023, healthUrl=http://USER-20170210CD:8023/health, serviceUrl=http://USER-20170210CD:8080] at spring-boot-admin ([http://localhost:8070/api/applications]): I/O error on POST request for "http://localhost:8070/api/applications": Connection refused: connect; nested exception is java.net.ConnectException: Connection refused: connect
2018-07-24 13:59:53.059 [registrationTask1] WARN  [de.codecentric.boot.admin.client.registration.ApplicationRegistrator:88] [,] - Failed to register application as Application [name=api-gateway, managementUrl=http://USER-20170210CD:8023, healthUrl=http://USER-20170210CD:8023/health, serviceUrl=http://USER-20170210CD:8080] at spring-boot-admin ([http://localhost:8070/api/applications]): I/O error on POST request for "http://localhost:8070/api/applications": Connection refused: connect; nested exception is java.net.ConnectException: Connection refused: connect
