2018-07-24 14:00:08.000 [Druid-ConnectionPool-Create-835594012] ERROR [com.alibaba.druid.pool.DruidDataSource:53] [,] - create connection error, url: jdbc:mysql://127.0.0.1:3306/user?useUnicode=true&characterEncoding=UTF-8&zeroDateTimeBehavior=convertToNull, errorCode 1049, state 42000
com.mysql.jdbc.exceptions.jdbc4.MySQLSyntaxErrorException: Unknown database 'user'
	at sun.reflect.GeneratedConstructorAccessor92.newInstance(Unknown Source) ~[?:?]
	at sun.reflect.DelegatingConstructorAccessorImpl.newInstance(DelegatingConstructorAccessorImpl.java:45) ~[?:1.8.0_152]
	at java.lang.reflect.Constructor.newInstance(Constructor.java:423) ~[?:1.8.0_152]
	at com.mysql.jdbc.Util.handleNewInstance(Util.java:425) ~[mysql-connector-java-5.1.42.jar:5.1.42]
	at com.mysql.jdbc.Util.getInstance(Util.java:408) ~[mysql-connector-java-5.1.42.jar:5.1.42]
	at com.mysql.jdbc.SQLError.createSQLException(SQLError.java:943) ~[mysql-connector-java-5.1.42.jar:5.1.42]
	at com.mysql.jdbc.MysqlIO.checkErrorPacket(MysqlIO.java:3973) ~[mysql-connector-java-5.1.42.jar:5.1.42]
	at com.mysql.jdbc.MysqlIO.checkErrorPacket(MysqlIO.java:3909) ~[mysql-connector-java-5.1.42.jar:5.1.42]
	at com.mysql.jdbc.MysqlIO.checkErrorPacket(MysqlIO.java:873) ~[mysql-connector-java-5.1.42.jar:5.1.42]
	at com.mysql.jdbc.MysqlIO.proceedHandshakeWithPluggableAuthentication(MysqlIO.java:1710) ~[mysql-connector-java-5.1.42.jar:5.1.42]
	at com.mysql.jdbc.MysqlIO.doHandshake(MysqlIO.java:1226) ~[mysql-connector-java-5.1.42.jar:5.1.42]
	at com.mysql.jdbc.ConnectionImpl.coreConnect(ConnectionImpl.java:2194) ~[mysql-connector-java-5.1.42.jar:5.1.42]
	at com.mysql.jdbc.ConnectionImpl.connectOneTryOnly(ConnectionImpl.java:2225) ~[mysql-connector-java-5.1.42.jar:5.1.42]
	at com.mysql.jdbc.ConnectionImpl.createNewIO(ConnectionImpl.java:2024) ~[mysql-connector-java-5.1.42.jar:5.1.42]
	at com.mysql.jdbc.ConnectionImpl.<init>(ConnectionImpl.java:779) ~[mysql-connector-java-5.1.42.jar:5.1.42]
	at com.mysql.jdbc.JDBC4Connection.<init>(JDBC4Connection.java:47) ~[mysql-connector-java-5.1.42.jar:5.1.42]
	at sun.reflect.GeneratedConstructorAccessor89.newInstance(Unknown Source) ~[?:?]
	at sun.reflect.DelegatingConstructorAccessorImpl.newInstance(DelegatingConstructorAccessorImpl.java:45) ~[?:1.8.0_152]
	at java.lang.reflect.Constructor.newInstance(Constructor.java:423) ~[?:1.8.0_152]
	at com.mysql.jdbc.Util.handleNewInstance(Util.java:425) ~[mysql-connector-java-5.1.42.jar:5.1.42]
	at com.mysql.jdbc.ConnectionImpl.getInstance(ConnectionImpl.java:389) ~[mysql-connector-java-5.1.42.jar:5.1.42]
	at com.mysql.jdbc.NonRegisteringDriver.connect(NonRegisteringDriver.java:330) ~[mysql-connector-java-5.1.42.jar:5.1.42]
	at com.alibaba.druid.filter.FilterChainImpl.connection_connect(FilterChainImpl.java:148) ~[druid-1.1.0.jar:1.1.0]
	at com.alibaba.druid.filter.stat.StatFilter.connection_connect(StatFilter.java:217) ~[druid-1.1.0.jar:1.1.0]
	at com.alibaba.druid.filter.FilterChainImpl.connection_connect(FilterChainImpl.java:142) ~[druid-1.1.0.jar:1.1.0]
	at com.alibaba.druid.pool.DruidAbstractDataSource.createPhysicalConnection(DruidAbstractDataSource.java:1466) ~[druid-1.1.0.jar:1.1.0]
	at com.alibaba.druid.pool.DruidAbstractDataSource.createPhysicalConnection(DruidAbstractDataSource.java:1529) ~[druid-1.1.0.jar:1.1.0]
	at com.alibaba.druid.pool.DruidDataSource$CreateConnectionThread.run(DruidDataSource.java:2178) ~[druid-1.1.0.jar:1.1.0]
2018-07-24 14:00:38.008 [Druid-ConnectionPool-Create-835594012] ERROR [com.alibaba.druid.pool.DruidDataSource:53] [,] - create connection error, url: jdbc:mysql://127.0.0.1:3306/user?useUnicode=true&characterEncoding=UTF-8&zeroDateTimeBehavior=convertToNull, errorCode 1049, state 42000
com.mysql.jdbc.exceptions.jdbc4.MySQLSyntaxErrorException: Unknown database 'user'
	at sun.reflect.GeneratedConstructorAccessor92.newInstance(Unknown Source) ~[?:?]
	at sun.reflect.DelegatingConstructorAccessorImpl.newInstance(DelegatingConstructorAccessorImpl.java:45) ~[?:1.8.0_152]
	at java.lang.reflect.Constructor.newInstance(Constructor.java:423) ~[?:1.8.0_152]
	at com.mysql.jdbc.Util.handleNewInstance(Util.java:425) ~[mysql-connector-java-5.1.42.jar:5.1.42]
	at com.mysql.jdbc.Util.getInstance(Util.java:408) ~[mysql-connector-java-5.1.42.jar:5.1.42]
	at com.mysql.jdbc.SQLError.createSQLException(SQLError.java:943) ~[mysql-connector-java-5.1.42.jar:5.1.42]
	at com.mysql.jdbc.MysqlIO.checkErrorPacket(MysqlIO.java:3973) ~[mysql-connector-java-5.1.42.jar:5.1.42]
	at com.mysql.jdbc.MysqlIO.checkErrorPacket(MysqlIO.java:3909) ~[mysql-connector-java-5.1.42.jar:5.1.42]
	at com.mysql.jdbc.MysqlIO.checkErrorPacket(MysqlIO.java:873) ~[mysql-connector-java-5.1.42.jar:5.1.42]
	at com.mysql.jdbc.MysqlIO.proceedHandshakeWithPluggableAuthentication(MysqlIO.java:1710) ~[mysql-connector-java-5.1.42.jar:5.1.42]
	at com.mysql.jdbc.MysqlIO.doHandshake(MysqlIO.java:1226) ~[mysql-connector-java-5.1.42.jar:5.1.42]
	at com.mysql.jdbc.ConnectionImpl.coreConnect(ConnectionImpl.java:2194) ~[mysql-connector-java-5.1.42.jar:5.1.42]
	at com.mysql.jdbc.ConnectionImpl.connectOneTryOnly(ConnectionImpl.java:2225) ~[mysql-connector-java-5.1.42.jar:5.1.42]
	at com.mysql.jdbc.ConnectionImpl.createNewIO(ConnectionImpl.java:2024) ~[mysql-connector-java-5.1.42.jar:5.1.42]
	at com.mysql.jdbc.ConnectionImpl.<init>(ConnectionImpl.java:779) ~[mysql-connector-java-5.1.42.jar:5.1.42]
	at com.mysql.jdbc.JDBC4Connection.<init>(JDBC4Connection.java:47) ~[mysql-connector-java-5.1.42.jar:5.1.42]
	at sun.reflect.GeneratedConstructorAccessor89.newInstance(Unknown Source) ~[?:?]
	at sun.reflect.DelegatingConstructorAccessorImpl.newInstance(DelegatingConstructorAccessorImpl.java:45) ~[?:1.8.0_152]
	at java.lang.reflect.Constructor.newInstance(Constructor.java:423) ~[?:1.8.0_152]
	at com.mysql.jdbc.Util.handleNewInstance(Util.java:425) ~[mysql-connector-java-5.1.42.jar:5.1.42]
	at com.mysql.jdbc.ConnectionImpl.getInstance(ConnectionImpl.java:389) ~[mysql-connector-java-5.1.42.jar:5.1.42]
	at com.mysql.jdbc.NonRegisteringDriver.connect(NonRegisteringDriver.java:330) ~[mysql-connector-java-5.1.42.jar:5.1.42]
	at com.alibaba.druid.filter.FilterChainImpl.connection_connect(FilterChainImpl.java:148) ~[druid-1.1.0.jar:1.1.0]
	at com.alibaba.druid.filter.stat.StatFilter.connection_connect(StatFilter.java:217) ~[druid-1.1.0.jar:1.1.0]
	at com.alibaba.druid.filter.FilterChainImpl.connection_connect(FilterChainImpl.java:142) ~[druid-1.1.0.jar:1.1.0]
	at com.alibaba.druid.pool.DruidAbstractDataSource.createPhysicalConnection(DruidAbstractDataSource.java:1466) ~[druid-1.1.0.jar:1.1.0]
	at com.alibaba.druid.pool.DruidAbstractDataSource.createPhysicalConnection(DruidAbstractDataSource.java:1529) ~[druid-1.1.0.jar:1.1.0]
	at com.alibaba.druid.pool.DruidDataSource$CreateConnectionThread.run(DruidDataSource.java:2178) ~[druid-1.1.0.jar:1.1.0]
2018-07-24 14:01:08.010 [Druid-ConnectionPool-Create-835594012] ERROR [com.alibaba.druid.pool.DruidDataSource:53] [,] - create connection error, url: jdbc:mysql://127.0.0.1:3306/user?useUnicode=true&characterEncoding=UTF-8&zeroDateTimeBehavior=convertToNull, errorCode 1049, state 42000
com.mysql.jdbc.exceptions.jdbc4.MySQLSyntaxErrorException: Unknown database 'user'
	at sun.reflect.GeneratedConstructorAccessor92.newInstance(Unknown Source) ~[?:?]
	at sun.reflect.DelegatingConstructorAccessorImpl.newInstance(DelegatingConstructorAccessorImpl.java:45) ~[?:1.8.0_152]
	at java.lang.reflect.Constructor.newInstance(Constructor.java:423) ~[?:1.8.0_152]
	at com.mysql.jdbc.Util.handleNewInstance(Util.java:425) ~[mysql-connector-java-5.1.42.jar:5.1.42]
	at com.mysql.jdbc.Util.getInstance(Util.java:408) ~[mysql-connector-java-5.1.42.jar:5.1.42]
	at com.mysql.jdbc.SQLError.createSQLException(SQLError.java:943) ~[mysql-connector-java-5.1.42.jar:5.1.42]
	at com.mysql.jdbc.MysqlIO.checkErrorPacket(MysqlIO.java:3973) ~[mysql-connector-java-5.1.42.jar:5.1.42]
	at com.mysql.jdbc.MysqlIO.checkErrorPacket(MysqlIO.java:3909) ~[mysql-connector-java-5.1.42.jar:5.1.42]
	at com.mysql.jdbc.MysqlIO.checkErrorPacket(MysqlIO.java:873) ~[mysql-connector-java-5.1.42.jar:5.1.42]
	at com.mysql.jdbc.MysqlIO.proceedHandshakeWithPluggableAuthentication(MysqlIO.java:1710) ~[mysql-connector-java-5.1.42.jar:5.1.42]
	at com.mysql.jdbc.MysqlIO.doHandshake(MysqlIO.java:1226) ~[mysql-connector-java-5.1.42.jar:5.1.42]
	at com.mysql.jdbc.ConnectionImpl.coreConnect(ConnectionImpl.java:2194) ~[mysql-connector-java-5.1.42.jar:5.1.42]
	at com.mysql.jdbc.ConnectionImpl.connectOneTryOnly(ConnectionImpl.java:2225) ~[mysql-connector-java-5.1.42.jar:5.1.42]
	at com.mysql.jdbc.ConnectionImpl.createNewIO(ConnectionImpl.java:2024) ~[mysql-connector-java-5.1.42.jar:5.1.42]
	at com.mysql.jdbc.ConnectionImpl.<init>(ConnectionImpl.java:779) ~[mysql-connector-java-5.1.42.jar:5.1.42]
	at com.mysql.jdbc.JDBC4Connection.<init>(JDBC4Connection.java:47) ~[mysql-connector-java-5.1.42.jar:5.1.42]
	at sun.reflect.GeneratedConstructorAccessor89.newInstance(Unknown Source) ~[?:?]
	at sun.reflect.DelegatingConstructorAccessorImpl.newInstance(DelegatingConstructorAccessorImpl.java:45) ~[?:1.8.0_152]
	at java.lang.reflect.Constructor.newInstance(Constructor.java:423) ~[?:1.8.0_152]
	at com.mysql.jdbc.Util.handleNewInstance(Util.java:425) ~[mysql-connector-java-5.1.42.jar:5.1.42]
	at com.mysql.jdbc.ConnectionImpl.getInstance(ConnectionImpl.java:389) ~[mysql-connector-java-5.1.42.jar:5.1.42]
	at com.mysql.jdbc.NonRegisteringDriver.connect(NonRegisteringDriver.java:330) ~[mysql-connector-java-5.1.42.jar:5.1.42]
	at com.alibaba.druid.filter.FilterChainImpl.connection_connect(FilterChainImpl.java:148) ~[druid-1.1.0.jar:1.1.0]
	at com.alibaba.druid.filter.stat.StatFilter.connection_connect(StatFilter.java:217) ~[druid-1.1.0.jar:1.1.0]
	at com.alibaba.druid.filter.FilterChainImpl.connection_connect(FilterChainImpl.java:142) ~[druid-1.1.0.jar:1.1.0]
	at com.alibaba.druid.pool.DruidAbstractDataSource.createPhysicalConnection(DruidAbstractDataSource.java:1466) ~[druid-1.1.0.jar:1.1.0]
	at com.alibaba.druid.pool.DruidAbstractDataSource.createPhysicalConnection(DruidAbstractDataSource.java:1529) ~[druid-1.1.0.jar:1.1.0]
	at com.alibaba.druid.pool.DruidDataSource$CreateConnectionThread.run(DruidDataSource.java:2178) ~[druid-1.1.0.jar:1.1.0]
2018-07-24 14:01:38.016 [Druid-ConnectionPool-Create-835594012] ERROR [com.alibaba.druid.pool.DruidDataSource:53] [,] - create connection error, url: jdbc:mysql://127.0.0.1:3306/user?useUnicode=true&characterEncoding=UTF-8&zeroDateTimeBehavior=convertToNull, errorCode 1049, state 42000
com.mysql.jdbc.exceptions.jdbc4.MySQLSyntaxErrorException: Unknown database 'user'
	at sun.reflect.GeneratedConstructorAccessor92.newInstance(Unknown Source) ~[?:?]
	at sun.reflect.DelegatingConstructorAccessorImpl.newInstance(DelegatingConstructorAccessorImpl.java:45) ~[?:1.8.0_152]
	at java.lang.reflect.Constructor.newInstance(Constructor.java:423) ~[?:1.8.0_152]
	at com.mysql.jdbc.Util.handleNewInstance(Util.java:425) ~[mysql-connector-java-5.1.42.jar:5.1.42]
	at com.mysql.jdbc.Util.getInstance(Util.java:408) ~[mysql-connector-java-5.1.42.jar:5.1.42]
	at com.mysql.jdbc.SQLError.createSQLException(SQLError.java:943) ~[mysql-connector-java-5.1.42.jar:5.1.42]
	at com.mysql.jdbc.MysqlIO.checkErrorPacket(MysqlIO.java:3973) ~[mysql-connector-java-5.1.42.jar:5.1.42]
	at com.mysql.jdbc.MysqlIO.checkErrorPacket(MysqlIO.java:3909) ~[mysql-connector-java-5.1.42.jar:5.1.42]
	at com.mysql.jdbc.MysqlIO.checkErrorPacket(MysqlIO.java:873) ~[mysql-connector-java-5.1.42.jar:5.1.42]
	at com.mysql.jdbc.MysqlIO.proceedHandshakeWithPluggableAuthentication(MysqlIO.java:1710) ~[mysql-connector-java-5.1.42.jar:5.1.42]
	at com.mysql.jdbc.MysqlIO.doHandshake(MysqlIO.java:1226) ~[mysql-connector-java-5.1.42.jar:5.1.42]
	at com.mysql.jdbc.ConnectionImpl.coreConnect(ConnectionImpl.java:2194) ~[mysql-connector-java-5.1.42.jar:5.1.42]
	at com.mysql.jdbc.ConnectionImpl.connectOneTryOnly(ConnectionImpl.java:2225) ~[mysql-connector-java-5.1.42.jar:5.1.42]
	at com.mysql.jdbc.ConnectionImpl.createNewIO(ConnectionImpl.java:2024) ~[mysql-connector-java-5.1.42.jar:5.1.42]
	at com.mysql.jdbc.ConnectionImpl.<init>(ConnectionImpl.java:779) ~[mysql-connector-java-5.1.42.jar:5.1.42]
	at com.mysql.jdbc.JDBC4Connection.<init>(JDBC4Connection.java:47) ~[mysql-connector-java-5.1.42.jar:5.1.42]
	at sun.reflect.GeneratedConstructorAccessor89.newInstance(Unknown Source) ~[?:?]
	at sun.reflect.DelegatingConstructorAccessorImpl.newInstance(DelegatingConstructorAccessorImpl.java:45) ~[?:1.8.0_152]
	at java.lang.reflect.Constructor.newInstance(Constructor.java:423) ~[?:1.8.0_152]
	at com.mysql.jdbc.Util.handleNewInstance(Util.java:425) ~[mysql-connector-java-5.1.42.jar:5.1.42]
	at com.mysql.jdbc.ConnectionImpl.getInstance(ConnectionImpl.java:389) ~[mysql-connector-java-5.1.42.jar:5.1.42]
	at com.mysql.jdbc.NonRegisteringDriver.connect(NonRegisteringDriver.java:330) ~[mysql-connector-java-5.1.42.jar:5.1.42]
	at com.alibaba.druid.filter.FilterChainImpl.connection_connect(FilterChainImpl.java:148) ~[druid-1.1.0.jar:1.1.0]
	at com.alibaba.druid.filter.stat.StatFilter.connection_connect(StatFilter.java:217) ~[druid-1.1.0.jar:1.1.0]
	at com.alibaba.druid.filter.FilterChainImpl.connection_connect(FilterChainImpl.java:142) ~[druid-1.1.0.jar:1.1.0]
	at com.alibaba.druid.pool.DruidAbstractDataSource.createPhysicalConnection(DruidAbstractDataSource.java:1466) ~[druid-1.1.0.jar:1.1.0]
	at com.alibaba.druid.pool.DruidAbstractDataSource.createPhysicalConnection(DruidAbstractDataSource.java:1529) ~[druid-1.1.0.jar:1.1.0]
	at com.alibaba.druid.pool.DruidDataSource$CreateConnectionThread.run(DruidDataSource.java:2178) ~[druid-1.1.0.jar:1.1.0]
2018-07-24 14:02:08.021 [Druid-ConnectionPool-Create-835594012] ERROR [com.alibaba.druid.pool.DruidDataSource:53] [,] - create connection error, url: jdbc:mysql://127.0.0.1:3306/user?useUnicode=true&characterEncoding=UTF-8&zeroDateTimeBehavior=convertToNull, errorCode 1049, state 42000
com.mysql.jdbc.exceptions.jdbc4.MySQLSyntaxErrorException: Unknown database 'user'
	at sun.reflect.GeneratedConstructorAccessor92.newInstance(Unknown Source) ~[?:?]
	at sun.reflect.DelegatingConstructorAccessorImpl.newInstance(DelegatingConstructorAccessorImpl.java:45) ~[?:1.8.0_152]
	at java.lang.reflect.Constructor.newInstance(Constructor.java:423) ~[?:1.8.0_152]
	at com.mysql.jdbc.Util.handleNewInstance(Util.java:425) ~[mysql-connector-java-5.1.42.jar:5.1.42]
	at com.mysql.jdbc.Util.getInstance(Util.java:408) ~[mysql-connector-java-5.1.42.jar:5.1.42]
	at com.mysql.jdbc.SQLError.createSQLException(SQLError.java:943) ~[mysql-connector-java-5.1.42.jar:5.1.42]
	at com.mysql.jdbc.MysqlIO.checkErrorPacket(MysqlIO.java:3973) ~[mysql-connector-java-5.1.42.jar:5.1.42]
	at com.mysql.jdbc.MysqlIO.checkErrorPacket(MysqlIO.java:3909) ~[mysql-connector-java-5.1.42.jar:5.1.42]
	at com.mysql.jdbc.MysqlIO.checkErrorPacket(MysqlIO.java:873) ~[mysql-connector-java-5.1.42.jar:5.1.42]
	at com.mysql.jdbc.MysqlIO.proceedHandshakeWithPluggableAuthentication(MysqlIO.java:1710) ~[mysql-connector-java-5.1.42.jar:5.1.42]
	at com.mysql.jdbc.MysqlIO.doHandshake(MysqlIO.java:1226) ~[mysql-connector-java-5.1.42.jar:5.1.42]
	at com.mysql.jdbc.ConnectionImpl.coreConnect(ConnectionImpl.java:2194) ~[mysql-connector-java-5.1.42.jar:5.1.42]
	at com.mysql.jdbc.ConnectionImpl.connectOneTryOnly(ConnectionImpl.java:2225) ~[mysql-connector-java-5.1.42.jar:5.1.42]
	at com.mysql.jdbc.ConnectionImpl.createNewIO(ConnectionImpl.java:2024) ~[mysql-connector-java-5.1.42.jar:5.1.42]
	at com.mysql.jdbc.ConnectionImpl.<init>(ConnectionImpl.java:779) ~[mysql-connector-java-5.1.42.jar:5.1.42]
	at com.mysql.jdbc.JDBC4Connection.<init>(JDBC4Connection.java:47) ~[mysql-connector-java-5.1.42.jar:5.1.42]
	at sun.reflect.GeneratedConstructorAccessor89.newInstance(Unknown Source) ~[?:?]
	at sun.reflect.DelegatingConstructorAccessorImpl.newInstance(DelegatingConstructorAccessorImpl.java:45) ~[?:1.8.0_152]
	at java.lang.reflect.Constructor.newInstance(Constructor.java:423) ~[?:1.8.0_152]
	at com.mysql.jdbc.Util.handleNewInstance(Util.java:425) ~[mysql-connector-java-5.1.42.jar:5.1.42]
	at com.mysql.jdbc.ConnectionImpl.getInstance(ConnectionImpl.java:389) ~[mysql-connector-java-5.1.42.jar:5.1.42]
	at com.mysql.jdbc.NonRegisteringDriver.connect(NonRegisteringDriver.java:330) ~[mysql-connector-java-5.1.42.jar:5.1.42]
	at com.alibaba.druid.filter.FilterChainImpl.connection_connect(FilterChainImpl.java:148) ~[druid-1.1.0.jar:1.1.0]
	at com.alibaba.druid.filter.stat.StatFilter.connection_connect(StatFilter.java:217) ~[druid-1.1.0.jar:1.1.0]
	at com.alibaba.druid.filter.FilterChainImpl.connection_connect(FilterChainImpl.java:142) ~[druid-1.1.0.jar:1.1.0]
	at com.alibaba.druid.pool.DruidAbstractDataSource.createPhysicalConnection(DruidAbstractDataSource.java:1466) ~[druid-1.1.0.jar:1.1.0]
	at com.alibaba.druid.pool.DruidAbstractDataSource.createPhysicalConnection(DruidAbstractDataSource.java:1529) ~[druid-1.1.0.jar:1.1.0]
	at com.alibaba.druid.pool.DruidDataSource$CreateConnectionThread.run(DruidDataSource.java:2178) ~[druid-1.1.0.jar:1.1.0]
2018-07-24 14:02:38.025 [Druid-ConnectionPool-Create-835594012] ERROR [com.alibaba.druid.pool.DruidDataSource:53] [,] - create connection error, url: jdbc:mysql://127.0.0.1:3306/user?useUnicode=true&characterEncoding=UTF-8&zeroDateTimeBehavior=convertToNull, errorCode 1049, state 42000
com.mysql.jdbc.exceptions.jdbc4.MySQLSyntaxErrorException: Unknown database 'user'
	at sun.reflect.GeneratedConstructorAccessor92.newInstance(Unknown Source) ~[?:?]
	at sun.reflect.DelegatingConstructorAccessorImpl.newInstance(DelegatingConstructorAccessorImpl.java:45) ~[?:1.8.0_152]
	at java.lang.reflect.Constructor.newInstance(Constructor.java:423) ~[?:1.8.0_152]
	at com.mysql.jdbc.Util.handleNewInstance(Util.java:425) ~[mysql-connector-java-5.1.42.jar:5.1.42]
	at com.mysql.jdbc.Util.getInstance(Util.java:408) ~[mysql-connector-java-5.1.42.jar:5.1.42]
	at com.mysql.jdbc.SQLError.createSQLException(SQLError.java:943) ~[mysql-connector-java-5.1.42.jar:5.1.42]
	at com.mysql.jdbc.MysqlIO.checkErrorPacket(MysqlIO.java:3973) ~[mysql-connector-java-5.1.42.jar:5.1.42]
	at com.mysql.jdbc.MysqlIO.checkErrorPacket(MysqlIO.java:3909) ~[mysql-connector-java-5.1.42.jar:5.1.42]
	at com.mysql.jdbc.MysqlIO.checkErrorPacket(MysqlIO.java:873) ~[mysql-connector-java-5.1.42.jar:5.1.42]
	at com.mysql.jdbc.MysqlIO.proceedHandshakeWithPluggableAuthentication(MysqlIO.java:1710) ~[mysql-connector-java-5.1.42.jar:5.1.42]
	at com.mysql.jdbc.MysqlIO.doHandshake(MysqlIO.java:1226) ~[mysql-connector-java-5.1.42.jar:5.1.42]
	at com.mysql.jdbc.ConnectionImpl.coreConnect(ConnectionImpl.java:2194) ~[mysql-connector-java-5.1.42.jar:5.1.42]
	at com.mysql.jdbc.ConnectionImpl.connectOneTryOnly(ConnectionImpl.java:2225) ~[mysql-connector-java-5.1.42.jar:5.1.42]
	at com.mysql.jdbc.ConnectionImpl.createNewIO(ConnectionImpl.java:2024) ~[mysql-connector-java-5.1.42.jar:5.1.42]
	at com.mysql.jdbc.ConnectionImpl.<init>(ConnectionImpl.java:779) ~[mysql-connector-java-5.1.42.jar:5.1.42]
	at com.mysql.jdbc.JDBC4Connection.<init>(JDBC4Connection.java:47) ~[mysql-connector-java-5.1.42.jar:5.1.42]
	at sun.reflect.GeneratedConstructorAccessor89.newInstance(Unknown Source) ~[?:?]
	at sun.reflect.DelegatingConstructorAccessorImpl.newInstance(DelegatingConstructorAccessorImpl.java:45) ~[?:1.8.0_152]
	at java.lang.reflect.Constructor.newInstance(Constructor.java:423) ~[?:1.8.0_152]
	at com.mysql.jdbc.Util.handleNewInstance(Util.java:425) ~[mysql-connector-java-5.1.42.jar:5.1.42]
	at com.mysql.jdbc.ConnectionImpl.getInstance(ConnectionImpl.java:389) ~[mysql-connector-java-5.1.42.jar:5.1.42]
	at com.mysql.jdbc.NonRegisteringDriver.connect(NonRegisteringDriver.java:330) ~[mysql-connector-java-5.1.42.jar:5.1.42]
	at com.alibaba.druid.filter.FilterChainImpl.connection_connect(FilterChainImpl.java:148) ~[druid-1.1.0.jar:1.1.0]
	at com.alibaba.druid.filter.stat.StatFilter.connection_connect(StatFilter.java:217) ~[druid-1.1.0.jar:1.1.0]
	at com.alibaba.druid.filter.FilterChainImpl.connection_connect(FilterChainImpl.java:142) ~[druid-1.1.0.jar:1.1.0]
	at com.alibaba.druid.pool.DruidAbstractDataSource.createPhysicalConnection(DruidAbstractDataSource.java:1466) ~[druid-1.1.0.jar:1.1.0]
	at com.alibaba.druid.pool.DruidAbstractDataSource.createPhysicalConnection(DruidAbstractDataSource.java:1529) ~[druid-1.1.0.jar:1.1.0]
	at com.alibaba.druid.pool.DruidDataSource$CreateConnectionThread.run(DruidDataSource.java:2178) ~[druid-1.1.0.jar:1.1.0]
2018-07-24 14:03:08.029 [Druid-ConnectionPool-Create-835594012] ERROR [com.alibaba.druid.pool.DruidDataSource:53] [,] - create connection error, url: jdbc:mysql://127.0.0.1:3306/user?useUnicode=true&characterEncoding=UTF-8&zeroDateTimeBehavior=convertToNull, errorCode 1049, state 42000
com.mysql.jdbc.exceptions.jdbc4.MySQLSyntaxErrorException: Unknown database 'user'
	at sun.reflect.GeneratedConstructorAccessor92.newInstance(Unknown Source) ~[?:?]
	at sun.reflect.DelegatingConstructorAccessorImpl.newInstance(DelegatingConstructorAccessorImpl.java:45) ~[?:1.8.0_152]
	at java.lang.reflect.Constructor.newInstance(Constructor.java:423) ~[?:1.8.0_152]
	at com.mysql.jdbc.Util.handleNewInstance(Util.java:425) ~[mysql-connector-java-5.1.42.jar:5.1.42]
	at com.mysql.jdbc.Util.getInstance(Util.java:408) ~[mysql-connector-java-5.1.42.jar:5.1.42]
	at com.mysql.jdbc.SQLError.createSQLException(SQLError.java:943) ~[mysql-connector-java-5.1.42.jar:5.1.42]
	at com.mysql.jdbc.MysqlIO.checkErrorPacket(MysqlIO.java:3973) ~[mysql-connector-java-5.1.42.jar:5.1.42]
	at com.mysql.jdbc.MysqlIO.checkErrorPacket(MysqlIO.java:3909) ~[mysql-connector-java-5.1.42.jar:5.1.42]
	at com.mysql.jdbc.MysqlIO.checkErrorPacket(MysqlIO.java:873) ~[mysql-connector-java-5.1.42.jar:5.1.42]
	at com.mysql.jdbc.MysqlIO.proceedHandshakeWithPluggableAuthentication(MysqlIO.java:1710) ~[mysql-connector-java-5.1.42.jar:5.1.42]
	at com.mysql.jdbc.MysqlIO.doHandshake(MysqlIO.java:1226) ~[mysql-connector-java-5.1.42.jar:5.1.42]
	at com.mysql.jdbc.ConnectionImpl.coreConnect(ConnectionImpl.java:2194) ~[mysql-connector-java-5.1.42.jar:5.1.42]
	at com.mysql.jdbc.ConnectionImpl.connectOneTryOnly(ConnectionImpl.java:2225) ~[mysql-connector-java-5.1.42.jar:5.1.42]
	at com.mysql.jdbc.ConnectionImpl.createNewIO(ConnectionImpl.java:2024) ~[mysql-connector-java-5.1.42.jar:5.1.42]
	at com.mysql.jdbc.ConnectionImpl.<init>(ConnectionImpl.java:779) ~[mysql-connector-java-5.1.42.jar:5.1.42]
	at com.mysql.jdbc.JDBC4Connection.<init>(JDBC4Connection.java:47) ~[mysql-connector-java-5.1.42.jar:5.1.42]
	at sun.reflect.GeneratedConstructorAccessor89.newInstance(Unknown Source) ~[?:?]
	at sun.reflect.DelegatingConstructorAccessorImpl.newInstance(DelegatingConstructorAccessorImpl.java:45) ~[?:1.8.0_152]
	at java.lang.reflect.Constructor.newInstance(Constructor.java:423) ~[?:1.8.0_152]
	at com.mysql.jdbc.Util.handleNewInstance(Util.java:425) ~[mysql-connector-java-5.1.42.jar:5.1.42]
	at com.mysql.jdbc.ConnectionImpl.getInstance(ConnectionImpl.java:389) ~[mysql-connector-java-5.1.42.jar:5.1.42]
	at com.mysql.jdbc.NonRegisteringDriver.connect(NonRegisteringDriver.java:330) ~[mysql-connector-java-5.1.42.jar:5.1.42]
	at com.alibaba.druid.filter.FilterChainImpl.connection_connect(FilterChainImpl.java:148) ~[druid-1.1.0.jar:1.1.0]
	at com.alibaba.druid.filter.stat.StatFilter.connection_connect(StatFilter.java:217) ~[druid-1.1.0.jar:1.1.0]
	at com.alibaba.druid.filter.FilterChainImpl.connection_connect(FilterChainImpl.java:142) ~[druid-1.1.0.jar:1.1.0]
	at com.alibaba.druid.pool.DruidAbstractDataSource.createPhysicalConnection(DruidAbstractDataSource.java:1466) ~[druid-1.1.0.jar:1.1.0]
	at com.alibaba.druid.pool.DruidAbstractDataSource.createPhysicalConnection(DruidAbstractDataSource.java:1529) ~[druid-1.1.0.jar:1.1.0]
	at com.alibaba.druid.pool.DruidDataSource$CreateConnectionThread.run(DruidDataSource.java:2178) ~[druid-1.1.0.jar:1.1.0]
2018-07-24 14:03:38.033 [Druid-ConnectionPool-Create-835594012] ERROR [com.alibaba.druid.pool.DruidDataSource:53] [,] - create connection error, url: jdbc:mysql://127.0.0.1:3306/user?useUnicode=true&characterEncoding=UTF-8&zeroDateTimeBehavior=convertToNull, errorCode 1049, state 42000
com.mysql.jdbc.exceptions.jdbc4.MySQLSyntaxErrorException: Unknown database 'user'
	at sun.reflect.GeneratedConstructorAccessor92.newInstance(Unknown Source) ~[?:?]
	at sun.reflect.DelegatingConstructorAccessorImpl.newInstance(DelegatingConstructorAccessorImpl.java:45) ~[?:1.8.0_152]
	at java.lang.reflect.Constructor.newInstance(Constructor.java:423) ~[?:1.8.0_152]
	at com.mysql.jdbc.Util.handleNewInstance(Util.java:425) ~[mysql-connector-java-5.1.42.jar:5.1.42]
	at com.mysql.jdbc.Util.getInstance(Util.java:408) ~[mysql-connector-java-5.1.42.jar:5.1.42]
	at com.mysql.jdbc.SQLError.createSQLException(SQLError.java:943) ~[mysql-connector-java-5.1.42.jar:5.1.42]
	at com.mysql.jdbc.MysqlIO.checkErrorPacket(MysqlIO.java:3973) ~[mysql-connector-java-5.1.42.jar:5.1.42]
	at com.mysql.jdbc.MysqlIO.checkErrorPacket(MysqlIO.java:3909) ~[mysql-connector-java-5.1.42.jar:5.1.42]
	at com.mysql.jdbc.MysqlIO.checkErrorPacket(MysqlIO.java:873) ~[mysql-connector-java-5.1.42.jar:5.1.42]
	at com.mysql.jdbc.MysqlIO.proceedHandshakeWithPluggableAuthentication(MysqlIO.java:1710) ~[mysql-connector-java-5.1.42.jar:5.1.42]
	at com.mysql.jdbc.MysqlIO.doHandshake(MysqlIO.java:1226) ~[mysql-connector-java-5.1.42.jar:5.1.42]
	at com.mysql.jdbc.ConnectionImpl.coreConnect(ConnectionImpl.java:2194) ~[mysql-connector-java-5.1.42.jar:5.1.42]
	at com.mysql.jdbc.ConnectionImpl.connectOneTryOnly(ConnectionImpl.java:2225) ~[mysql-connector-java-5.1.42.jar:5.1.42]
	at com.mysql.jdbc.ConnectionImpl.createNewIO(ConnectionImpl.java:2024) ~[mysql-connector-java-5.1.42.jar:5.1.42]
	at com.mysql.jdbc.ConnectionImpl.<init>(ConnectionImpl.java:779) ~[mysql-connector-java-5.1.42.jar:5.1.42]
	at com.mysql.jdbc.JDBC4Connection.<init>(JDBC4Connection.java:47) ~[mysql-connector-java-5.1.42.jar:5.1.42]
	at sun.reflect.GeneratedConstructorAccessor89.newInstance(Unknown Source) ~[?:?]
	at sun.reflect.DelegatingConstructorAccessorImpl.newInstance(DelegatingConstructorAccessorImpl.java:45) ~[?:1.8.0_152]
	at java.lang.reflect.Constructor.newInstance(Constructor.java:423) ~[?:1.8.0_152]
	at com.mysql.jdbc.Util.handleNewInstance(Util.java:425) ~[mysql-connector-java-5.1.42.jar:5.1.42]
	at com.mysql.jdbc.ConnectionImpl.getInstance(ConnectionImpl.java:389) ~[mysql-connector-java-5.1.42.jar:5.1.42]
	at com.mysql.jdbc.NonRegisteringDriver.connect(NonRegisteringDriver.java:330) ~[mysql-connector-java-5.1.42.jar:5.1.42]
	at com.alibaba.druid.filter.FilterChainImpl.connection_connect(FilterChainImpl.java:148) ~[druid-1.1.0.jar:1.1.0]
	at com.alibaba.druid.filter.stat.StatFilter.connection_connect(StatFilter.java:217) ~[druid-1.1.0.jar:1.1.0]
	at com.alibaba.druid.filter.FilterChainImpl.connection_connect(FilterChainImpl.java:142) ~[druid-1.1.0.jar:1.1.0]
	at com.alibaba.druid.pool.DruidAbstractDataSource.createPhysicalConnection(DruidAbstractDataSource.java:1466) ~[druid-1.1.0.jar:1.1.0]
	at com.alibaba.druid.pool.DruidAbstractDataSource.createPhysicalConnection(DruidAbstractDataSource.java:1529) ~[druid-1.1.0.jar:1.1.0]
	at com.alibaba.druid.pool.DruidDataSource$CreateConnectionThread.run(DruidDataSource.java:2178) ~[druid-1.1.0.jar:1.1.0]
2018-07-24 14:04:08.037 [Druid-ConnectionPool-Create-835594012] ERROR [com.alibaba.druid.pool.DruidDataSource:53] [,] - create connection error, url: jdbc:mysql://127.0.0.1:3306/user?useUnicode=true&characterEncoding=UTF-8&zeroDateTimeBehavior=convertToNull, errorCode 1049, state 42000
com.mysql.jdbc.exceptions.jdbc4.MySQLSyntaxErrorException: Unknown database 'user'
	at sun.reflect.GeneratedConstructorAccessor92.newInstance(Unknown Source) ~[?:?]
	at sun.reflect.DelegatingConstructorAccessorImpl.newInstance(DelegatingConstructorAccessorImpl.java:45) ~[?:1.8.0_152]
	at java.lang.reflect.Constructor.newInstance(Constructor.java:423) ~[?:1.8.0_152]
	at com.mysql.jdbc.Util.handleNewInstance(Util.java:425) ~[mysql-connector-java-5.1.42.jar:5.1.42]
	at com.mysql.jdbc.Util.getInstance(Util.java:408) ~[mysql-connector-java-5.1.42.jar:5.1.42]
	at com.mysql.jdbc.SQLError.createSQLException(SQLError.java:943) ~[mysql-connector-java-5.1.42.jar:5.1.42]
	at com.mysql.jdbc.MysqlIO.checkErrorPacket(MysqlIO.java:3973) ~[mysql-connector-java-5.1.42.jar:5.1.42]
	at com.mysql.jdbc.MysqlIO.checkErrorPacket(MysqlIO.java:3909) ~[mysql-connector-java-5.1.42.jar:5.1.42]
	at com.mysql.jdbc.MysqlIO.checkErrorPacket(MysqlIO.java:873) ~[mysql-connector-java-5.1.42.jar:5.1.42]
	at com.mysql.jdbc.MysqlIO.proceedHandshakeWithPluggableAuthentication(MysqlIO.java:1710) ~[mysql-connector-java-5.1.42.jar:5.1.42]
	at com.mysql.jdbc.MysqlIO.doHandshake(MysqlIO.java:1226) ~[mysql-connector-java-5.1.42.jar:5.1.42]
	at com.mysql.jdbc.ConnectionImpl.coreConnect(ConnectionImpl.java:2194) ~[mysql-connector-java-5.1.42.jar:5.1.42]
	at com.mysql.jdbc.ConnectionImpl.connectOneTryOnly(ConnectionImpl.java:2225) ~[mysql-connector-java-5.1.42.jar:5.1.42]
	at com.mysql.jdbc.ConnectionImpl.createNewIO(ConnectionImpl.java:2024) ~[mysql-connector-java-5.1.42.jar:5.1.42]
	at com.mysql.jdbc.ConnectionImpl.<init>(ConnectionImpl.java:779) ~[mysql-connector-java-5.1.42.jar:5.1.42]
	at com.mysql.jdbc.JDBC4Connection.<init>(JDBC4Connection.java:47) ~[mysql-connector-java-5.1.42.jar:5.1.42]
	at sun.reflect.GeneratedConstructorAccessor89.newInstance(Unknown Source) ~[?:?]
	at sun.reflect.DelegatingConstructorAccessorImpl.newInstance(DelegatingConstructorAccessorImpl.java:45) ~[?:1.8.0_152]
	at java.lang.reflect.Constructor.newInstance(Constructor.java:423) ~[?:1.8.0_152]
	at com.mysql.jdbc.Util.handleNewInstance(Util.java:425) ~[mysql-connector-java-5.1.42.jar:5.1.42]
	at com.mysql.jdbc.ConnectionImpl.getInstance(ConnectionImpl.java:389) ~[mysql-connector-java-5.1.42.jar:5.1.42]
	at com.mysql.jdbc.NonRegisteringDriver.connect(NonRegisteringDriver.java:330) ~[mysql-connector-java-5.1.42.jar:5.1.42]
	at com.alibaba.druid.filter.FilterChainImpl.connection_connect(FilterChainImpl.java:148) ~[druid-1.1.0.jar:1.1.0]
	at com.alibaba.druid.filter.stat.StatFilter.connection_connect(StatFilter.java:217) ~[druid-1.1.0.jar:1.1.0]
	at com.alibaba.druid.filter.FilterChainImpl.connection_connect(FilterChainImpl.java:142) ~[druid-1.1.0.jar:1.1.0]
	at com.alibaba.druid.pool.DruidAbstractDataSource.createPhysicalConnection(DruidAbstractDataSource.java:1466) ~[druid-1.1.0.jar:1.1.0]
	at com.alibaba.druid.pool.DruidAbstractDataSource.createPhysicalConnection(DruidAbstractDataSource.java:1529) ~[druid-1.1.0.jar:1.1.0]
	at com.alibaba.druid.pool.DruidDataSource$CreateConnectionThread.run(DruidDataSource.java:2178) ~[druid-1.1.0.jar:1.1.0]
2018-07-24 14:04:38.049 [Druid-ConnectionPool-Create-835594012] ERROR [com.alibaba.druid.pool.DruidDataSource:53] [,] - create connection error, url: jdbc:mysql://127.0.0.1:3306/user?useUnicode=true&characterEncoding=UTF-8&zeroDateTimeBehavior=convertToNull, errorCode 1049, state 42000
com.mysql.jdbc.exceptions.jdbc4.MySQLSyntaxErrorException: Unknown database 'user'
	at sun.reflect.GeneratedConstructorAccessor92.newInstance(Unknown Source) ~[?:?]
	at sun.reflect.DelegatingConstructorAccessorImpl.newInstance(DelegatingConstructorAccessorImpl.java:45) ~[?:1.8.0_152]
	at java.lang.reflect.Constructor.newInstance(Constructor.java:423) ~[?:1.8.0_152]
	at com.mysql.jdbc.Util.handleNewInstance(Util.java:425) ~[mysql-connector-java-5.1.42.jar:5.1.42]
	at com.mysql.jdbc.Util.getInstance(Util.java:408) ~[mysql-connector-java-5.1.42.jar:5.1.42]
	at com.mysql.jdbc.SQLError.createSQLException(SQLError.java:943) ~[mysql-connector-java-5.1.42.jar:5.1.42]
	at com.mysql.jdbc.MysqlIO.checkErrorPacket(MysqlIO.java:3973) ~[mysql-connector-java-5.1.42.jar:5.1.42]
	at com.mysql.jdbc.MysqlIO.checkErrorPacket(MysqlIO.java:3909) ~[mysql-connector-java-5.1.42.jar:5.1.42]
	at com.mysql.jdbc.MysqlIO.checkErrorPacket(MysqlIO.java:873) ~[mysql-connector-java-5.1.42.jar:5.1.42]
	at com.mysql.jdbc.MysqlIO.proceedHandshakeWithPluggableAuthentication(MysqlIO.java:1710) ~[mysql-connector-java-5.1.42.jar:5.1.42]
	at com.mysql.jdbc.MysqlIO.doHandshake(MysqlIO.java:1226) ~[mysql-connector-java-5.1.42.jar:5.1.42]
	at com.mysql.jdbc.ConnectionImpl.coreConnect(ConnectionImpl.java:2194) ~[mysql-connector-java-5.1.42.jar:5.1.42]
	at com.mysql.jdbc.ConnectionImpl.connectOneTryOnly(ConnectionImpl.java:2225) ~[mysql-connector-java-5.1.42.jar:5.1.42]
	at com.mysql.jdbc.ConnectionImpl.createNewIO(ConnectionImpl.java:2024) ~[mysql-connector-java-5.1.42.jar:5.1.42]
	at com.mysql.jdbc.ConnectionImpl.<init>(ConnectionImpl.java:779) ~[mysql-connector-java-5.1.42.jar:5.1.42]
	at com.mysql.jdbc.JDBC4Connection.<init>(JDBC4Connection.java:47) ~[mysql-connector-java-5.1.42.jar:5.1.42]
	at sun.reflect.GeneratedConstructorAccessor89.newInstance(Unknown Source) ~[?:?]
	at sun.reflect.DelegatingConstructorAccessorImpl.newInstance(DelegatingConstructorAccessorImpl.java:45) ~[?:1.8.0_152]
	at java.lang.reflect.Constructor.newInstance(Constructor.java:423) ~[?:1.8.0_152]
	at com.mysql.jdbc.Util.handleNewInstance(Util.java:425) ~[mysql-connector-java-5.1.42.jar:5.1.42]
	at com.mysql.jdbc.ConnectionImpl.getInstance(ConnectionImpl.java:389) ~[mysql-connector-java-5.1.42.jar:5.1.42]
	at com.mysql.jdbc.NonRegisteringDriver.connect(NonRegisteringDriver.java:330) ~[mysql-connector-java-5.1.42.jar:5.1.42]
	at com.alibaba.druid.filter.FilterChainImpl.connection_connect(FilterChainImpl.java:148) ~[druid-1.1.0.jar:1.1.0]
	at com.alibaba.druid.filter.stat.StatFilter.connection_connect(StatFilter.java:217) ~[druid-1.1.0.jar:1.1.0]
	at com.alibaba.druid.filter.FilterChainImpl.connection_connect(FilterChainImpl.java:142) ~[druid-1.1.0.jar:1.1.0]
	at com.alibaba.druid.pool.DruidAbstractDataSource.createPhysicalConnection(DruidAbstractDataSource.java:1466) ~[druid-1.1.0.jar:1.1.0]
	at com.alibaba.druid.pool.DruidAbstractDataSource.createPhysicalConnection(DruidAbstractDataSource.java:1529) ~[druid-1.1.0.jar:1.1.0]
	at com.alibaba.druid.pool.DruidDataSource$CreateConnectionThread.run(DruidDataSource.java:2178) ~[druid-1.1.0.jar:1.1.0]
2018-07-24 14:05:08.053 [Druid-ConnectionPool-Create-835594012] ERROR [com.alibaba.druid.pool.DruidDataSource:53] [,] - create connection error, url: jdbc:mysql://127.0.0.1:3306/user?useUnicode=true&characterEncoding=UTF-8&zeroDateTimeBehavior=convertToNull, errorCode 1049, state 42000
com.mysql.jdbc.exceptions.jdbc4.MySQLSyntaxErrorException: Unknown database 'user'
	at sun.reflect.GeneratedConstructorAccessor92.newInstance(Unknown Source) ~[?:?]
	at sun.reflect.DelegatingConstructorAccessorImpl.newInstance(DelegatingConstructorAccessorImpl.java:45) ~[?:1.8.0_152]
	at java.lang.reflect.Constructor.newInstance(Constructor.java:423) ~[?:1.8.0_152]
	at com.mysql.jdbc.Util.handleNewInstance(Util.java:425) ~[mysql-connector-java-5.1.42.jar:5.1.42]
	at com.mysql.jdbc.Util.getInstance(Util.java:408) ~[mysql-connector-java-5.1.42.jar:5.1.42]
	at com.mysql.jdbc.SQLError.createSQLException(SQLError.java:943) ~[mysql-connector-java-5.1.42.jar:5.1.42]
	at com.mysql.jdbc.MysqlIO.checkErrorPacket(MysqlIO.java:3973) ~[mysql-connector-java-5.1.42.jar:5.1.42]
	at com.mysql.jdbc.MysqlIO.checkErrorPacket(MysqlIO.java:3909) ~[mysql-connector-java-5.1.42.jar:5.1.42]
	at com.mysql.jdbc.MysqlIO.checkErrorPacket(MysqlIO.java:873) ~[mysql-connector-java-5.1.42.jar:5.1.42]
	at com.mysql.jdbc.MysqlIO.proceedHandshakeWithPluggableAuthentication(MysqlIO.java:1710) ~[mysql-connector-java-5.1.42.jar:5.1.42]
	at com.mysql.jdbc.MysqlIO.doHandshake(MysqlIO.java:1226) ~[mysql-connector-java-5.1.42.jar:5.1.42]
	at com.mysql.jdbc.ConnectionImpl.coreConnect(ConnectionImpl.java:2194) ~[mysql-connector-java-5.1.42.jar:5.1.42]
	at com.mysql.jdbc.ConnectionImpl.connectOneTryOnly(ConnectionImpl.java:2225) ~[mysql-connector-java-5.1.42.jar:5.1.42]
	at com.mysql.jdbc.ConnectionImpl.createNewIO(ConnectionImpl.java:2024) ~[mysql-connector-java-5.1.42.jar:5.1.42]
	at com.mysql.jdbc.ConnectionImpl.<init>(ConnectionImpl.java:779) ~[mysql-connector-java-5.1.42.jar:5.1.42]
	at com.mysql.jdbc.JDBC4Connection.<init>(JDBC4Connection.java:47) ~[mysql-connector-java-5.1.42.jar:5.1.42]
	at sun.reflect.GeneratedConstructorAccessor89.newInstance(Unknown Source) ~[?:?]
	at sun.reflect.DelegatingConstructorAccessorImpl.newInstance(DelegatingConstructorAccessorImpl.java:45) ~[?:1.8.0_152]
	at java.lang.reflect.Constructor.newInstance(Constructor.java:423) ~[?:1.8.0_152]
	at com.mysql.jdbc.Util.handleNewInstance(Util.java:425) ~[mysql-connector-java-5.1.42.jar:5.1.42]
	at com.mysql.jdbc.ConnectionImpl.getInstance(ConnectionImpl.java:389) ~[mysql-connector-java-5.1.42.jar:5.1.42]
	at com.mysql.jdbc.NonRegisteringDriver.connect(NonRegisteringDriver.java:330) ~[mysql-connector-java-5.1.42.jar:5.1.42]
	at com.alibaba.druid.filter.FilterChainImpl.connection_connect(FilterChainImpl.java:148) ~[druid-1.1.0.jar:1.1.0]
	at com.alibaba.druid.filter.stat.StatFilter.connection_connect(StatFilter.java:217) ~[druid-1.1.0.jar:1.1.0]
	at com.alibaba.druid.filter.FilterChainImpl.connection_connect(FilterChainImpl.java:142) ~[druid-1.1.0.jar:1.1.0]
	at com.alibaba.druid.pool.DruidAbstractDataSource.createPhysicalConnection(DruidAbstractDataSource.java:1466) ~[druid-1.1.0.jar:1.1.0]
	at com.alibaba.druid.pool.DruidAbstractDataSource.createPhysicalConnection(DruidAbstractDataSource.java:1529) ~[druid-1.1.0.jar:1.1.0]
	at com.alibaba.druid.pool.DruidDataSource$CreateConnectionThread.run(DruidDataSource.java:2178) ~[druid-1.1.0.jar:1.1.0]
2018-07-24 14:05:38.058 [Druid-ConnectionPool-Create-835594012] ERROR [com.alibaba.druid.pool.DruidDataSource:53] [,] - create connection error, url: jdbc:mysql://127.0.0.1:3306/user?useUnicode=true&characterEncoding=UTF-8&zeroDateTimeBehavior=convertToNull, errorCode 1049, state 42000
com.mysql.jdbc.exceptions.jdbc4.MySQLSyntaxErrorException: Unknown database 'user'
	at sun.reflect.GeneratedConstructorAccessor92.newInstance(Unknown Source) ~[?:?]
	at sun.reflect.DelegatingConstructorAccessorImpl.newInstance(DelegatingConstructorAccessorImpl.java:45) ~[?:1.8.0_152]
	at java.lang.reflect.Constructor.newInstance(Constructor.java:423) ~[?:1.8.0_152]
	at com.mysql.jdbc.Util.handleNewInstance(Util.java:425) ~[mysql-connector-java-5.1.42.jar:5.1.42]
	at com.mysql.jdbc.Util.getInstance(Util.java:408) ~[mysql-connector-java-5.1.42.jar:5.1.42]
	at com.mysql.jdbc.SQLError.createSQLException(SQLError.java:943) ~[mysql-connector-java-5.1.42.jar:5.1.42]
	at com.mysql.jdbc.MysqlIO.checkErrorPacket(MysqlIO.java:3973) ~[mysql-connector-java-5.1.42.jar:5.1.42]
	at com.mysql.jdbc.MysqlIO.checkErrorPacket(MysqlIO.java:3909) ~[mysql-connector-java-5.1.42.jar:5.1.42]
	at com.mysql.jdbc.MysqlIO.checkErrorPacket(MysqlIO.java:873) ~[mysql-connector-java-5.1.42.jar:5.1.42]
	at com.mysql.jdbc.MysqlIO.proceedHandshakeWithPluggableAuthentication(MysqlIO.java:1710) ~[mysql-connector-java-5.1.42.jar:5.1.42]
	at com.mysql.jdbc.MysqlIO.doHandshake(MysqlIO.java:1226) ~[mysql-connector-java-5.1.42.jar:5.1.42]
	at com.mysql.jdbc.ConnectionImpl.coreConnect(ConnectionImpl.java:2194) ~[mysql-connector-java-5.1.42.jar:5.1.42]
	at com.mysql.jdbc.ConnectionImpl.connectOneTryOnly(ConnectionImpl.java:2225) ~[mysql-connector-java-5.1.42.jar:5.1.42]
	at com.mysql.jdbc.ConnectionImpl.createNewIO(ConnectionImpl.java:2024) ~[mysql-connector-java-5.1.42.jar:5.1.42]
	at com.mysql.jdbc.ConnectionImpl.<init>(ConnectionImpl.java:779) ~[mysql-connector-java-5.1.42.jar:5.1.42]
	at com.mysql.jdbc.JDBC4Connection.<init>(JDBC4Connection.java:47) ~[mysql-connector-java-5.1.42.jar:5.1.42]
	at sun.reflect.GeneratedConstructorAccessor89.newInstance(Unknown Source) ~[?:?]
	at sun.reflect.DelegatingConstructorAccessorImpl.newInstance(DelegatingConstructorAccessorImpl.java:45) ~[?:1.8.0_152]
	at java.lang.reflect.Constructor.newInstance(Constructor.java:423) ~[?:1.8.0_152]
	at com.mysql.jdbc.Util.handleNewInstance(Util.java:425) ~[mysql-connector-java-5.1.42.jar:5.1.42]
	at com.mysql.jdbc.ConnectionImpl.getInstance(ConnectionImpl.java:389) ~[mysql-connector-java-5.1.42.jar:5.1.42]
	at com.mysql.jdbc.NonRegisteringDriver.connect(NonRegisteringDriver.java:330) ~[mysql-connector-java-5.1.42.jar:5.1.42]
	at com.alibaba.druid.filter.FilterChainImpl.connection_connect(FilterChainImpl.java:148) ~[druid-1.1.0.jar:1.1.0]
	at com.alibaba.druid.filter.stat.StatFilter.connection_connect(StatFilter.java:217) ~[druid-1.1.0.jar:1.1.0]
	at com.alibaba.druid.filter.FilterChainImpl.connection_connect(FilterChainImpl.java:142) ~[druid-1.1.0.jar:1.1.0]
	at com.alibaba.druid.pool.DruidAbstractDataSource.createPhysicalConnection(DruidAbstractDataSource.java:1466) ~[druid-1.1.0.jar:1.1.0]
	at com.alibaba.druid.pool.DruidAbstractDataSource.createPhysicalConnection(DruidAbstractDataSource.java:1529) ~[druid-1.1.0.jar:1.1.0]
	at com.alibaba.druid.pool.DruidDataSource$CreateConnectionThread.run(DruidDataSource.java:2178) ~[druid-1.1.0.jar:1.1.0]
2018-07-24 14:06:08.063 [Druid-ConnectionPool-Create-835594012] ERROR [com.alibaba.druid.pool.DruidDataSource:53] [,] - create connection error, url: jdbc:mysql://127.0.0.1:3306/user?useUnicode=true&characterEncoding=UTF-8&zeroDateTimeBehavior=convertToNull, errorCode 1049, state 42000
com.mysql.jdbc.exceptions.jdbc4.MySQLSyntaxErrorException: Unknown database 'user'
	at sun.reflect.GeneratedConstructorAccessor92.newInstance(Unknown Source) ~[?:?]
	at sun.reflect.DelegatingConstructorAccessorImpl.newInstance(DelegatingConstructorAccessorImpl.java:45) ~[?:1.8.0_152]
	at java.lang.reflect.Constructor.newInstance(Constructor.java:423) ~[?:1.8.0_152]
	at com.mysql.jdbc.Util.handleNewInstance(Util.java:425) ~[mysql-connector-java-5.1.42.jar:5.1.42]
	at com.mysql.jdbc.Util.getInstance(Util.java:408) ~[mysql-connector-java-5.1.42.jar:5.1.42]
	at com.mysql.jdbc.SQLError.createSQLException(SQLError.java:943) ~[mysql-connector-java-5.1.42.jar:5.1.42]
	at com.mysql.jdbc.MysqlIO.checkErrorPacket(MysqlIO.java:3973) ~[mysql-connector-java-5.1.42.jar:5.1.42]
	at com.mysql.jdbc.MysqlIO.checkErrorPacket(MysqlIO.java:3909) ~[mysql-connector-java-5.1.42.jar:5.1.42]
	at com.mysql.jdbc.MysqlIO.checkErrorPacket(MysqlIO.java:873) ~[mysql-connector-java-5.1.42.jar:5.1.42]
	at com.mysql.jdbc.MysqlIO.proceedHandshakeWithPluggableAuthentication(MysqlIO.java:1710) ~[mysql-connector-java-5.1.42.jar:5.1.42]
	at com.mysql.jdbc.MysqlIO.doHandshake(MysqlIO.java:1226) ~[mysql-connector-java-5.1.42.jar:5.1.42]
	at com.mysql.jdbc.ConnectionImpl.coreConnect(ConnectionImpl.java:2194) ~[mysql-connector-java-5.1.42.jar:5.1.42]
	at com.mysql.jdbc.ConnectionImpl.connectOneTryOnly(ConnectionImpl.java:2225) ~[mysql-connector-java-5.1.42.jar:5.1.42]
	at com.mysql.jdbc.ConnectionImpl.createNewIO(ConnectionImpl.java:2024) ~[mysql-connector-java-5.1.42.jar:5.1.42]
	at com.mysql.jdbc.ConnectionImpl.<init>(ConnectionImpl.java:779) ~[mysql-connector-java-5.1.42.jar:5.1.42]
	at com.mysql.jdbc.JDBC4Connection.<init>(JDBC4Connection.java:47) ~[mysql-connector-java-5.1.42.jar:5.1.42]
	at sun.reflect.GeneratedConstructorAccessor89.newInstance(Unknown Source) ~[?:?]
	at sun.reflect.DelegatingConstructorAccessorImpl.newInstance(DelegatingConstructorAccessorImpl.java:45) ~[?:1.8.0_152]
	at java.lang.reflect.Constructor.newInstance(Constructor.java:423) ~[?:1.8.0_152]
	at com.mysql.jdbc.Util.handleNewInstance(Util.java:425) ~[mysql-connector-java-5.1.42.jar:5.1.42]
	at com.mysql.jdbc.ConnectionImpl.getInstance(ConnectionImpl.java:389) ~[mysql-connector-java-5.1.42.jar:5.1.42]
	at com.mysql.jdbc.NonRegisteringDriver.connect(NonRegisteringDriver.java:330) ~[mysql-connector-java-5.1.42.jar:5.1.42]
	at com.alibaba.druid.filter.FilterChainImpl.connection_connect(FilterChainImpl.java:148) ~[druid-1.1.0.jar:1.1.0]
	at com.alibaba.druid.filter.stat.StatFilter.connection_connect(StatFilter.java:217) ~[druid-1.1.0.jar:1.1.0]
	at com.alibaba.druid.filter.FilterChainImpl.connection_connect(FilterChainImpl.java:142) ~[druid-1.1.0.jar:1.1.0]
	at com.alibaba.druid.pool.DruidAbstractDataSource.createPhysicalConnection(DruidAbstractDataSource.java:1466) ~[druid-1.1.0.jar:1.1.0]
	at com.alibaba.druid.pool.DruidAbstractDataSource.createPhysicalConnection(DruidAbstractDataSource.java:1529) ~[druid-1.1.0.jar:1.1.0]
	at com.alibaba.druid.pool.DruidDataSource$CreateConnectionThread.run(DruidDataSource.java:2178) ~[druid-1.1.0.jar:1.1.0]
2018-07-24 14:06:38.067 [Druid-ConnectionPool-Create-835594012] ERROR [com.alibaba.druid.pool.DruidDataSource:53] [,] - create connection error, url: jdbc:mysql://127.0.0.1:3306/user?useUnicode=true&characterEncoding=UTF-8&zeroDateTimeBehavior=convertToNull, errorCode 1049, state 42000
com.mysql.jdbc.exceptions.jdbc4.MySQLSyntaxErrorException: Unknown database 'user'
	at sun.reflect.GeneratedConstructorAccessor92.newInstance(Unknown Source) ~[?:?]
	at sun.reflect.DelegatingConstructorAccessorImpl.newInstance(DelegatingConstructorAccessorImpl.java:45) ~[?:1.8.0_152]
	at java.lang.reflect.Constructor.newInstance(Constructor.java:423) ~[?:1.8.0_152]
	at com.mysql.jdbc.Util.handleNewInstance(Util.java:425) ~[mysql-connector-java-5.1.42.jar:5.1.42]
	at com.mysql.jdbc.Util.getInstance(Util.java:408) ~[mysql-connector-java-5.1.42.jar:5.1.42]
	at com.mysql.jdbc.SQLError.createSQLException(SQLError.java:943) ~[mysql-connector-java-5.1.42.jar:5.1.42]
	at com.mysql.jdbc.MysqlIO.checkErrorPacket(MysqlIO.java:3973) ~[mysql-connector-java-5.1.42.jar:5.1.42]
	at com.mysql.jdbc.MysqlIO.checkErrorPacket(MysqlIO.java:3909) ~[mysql-connector-java-5.1.42.jar:5.1.42]
	at com.mysql.jdbc.MysqlIO.checkErrorPacket(MysqlIO.java:873) ~[mysql-connector-java-5.1.42.jar:5.1.42]
	at com.mysql.jdbc.MysqlIO.proceedHandshakeWithPluggableAuthentication(MysqlIO.java:1710) ~[mysql-connector-java-5.1.42.jar:5.1.42]
	at com.mysql.jdbc.MysqlIO.doHandshake(MysqlIO.java:1226) ~[mysql-connector-java-5.1.42.jar:5.1.42]
	at com.mysql.jdbc.ConnectionImpl.coreConnect(ConnectionImpl.java:2194) ~[mysql-connector-java-5.1.42.jar:5.1.42]
	at com.mysql.jdbc.ConnectionImpl.connectOneTryOnly(ConnectionImpl.java:2225) ~[mysql-connector-java-5.1.42.jar:5.1.42]
	at com.mysql.jdbc.ConnectionImpl.createNewIO(ConnectionImpl.java:2024) ~[mysql-connector-java-5.1.42.jar:5.1.42]
	at com.mysql.jdbc.ConnectionImpl.<init>(ConnectionImpl.java:779) ~[mysql-connector-java-5.1.42.jar:5.1.42]
	at com.mysql.jdbc.JDBC4Connection.<init>(JDBC4Connection.java:47) ~[mysql-connector-java-5.1.42.jar:5.1.42]
	at sun.reflect.GeneratedConstructorAccessor89.newInstance(Unknown Source) ~[?:?]
	at sun.reflect.DelegatingConstructorAccessorImpl.newInstance(DelegatingConstructorAccessorImpl.java:45) ~[?:1.8.0_152]
	at java.lang.reflect.Constructor.newInstance(Constructor.java:423) ~[?:1.8.0_152]
	at com.mysql.jdbc.Util.handleNewInstance(Util.java:425) ~[mysql-connector-java-5.1.42.jar:5.1.42]
	at com.mysql.jdbc.ConnectionImpl.getInstance(ConnectionImpl.java:389) ~[mysql-connector-java-5.1.42.jar:5.1.42]
	at com.mysql.jdbc.NonRegisteringDriver.connect(NonRegisteringDriver.java:330) ~[mysql-connector-java-5.1.42.jar:5.1.42]
	at com.alibaba.druid.filter.FilterChainImpl.connection_connect(FilterChainImpl.java:148) ~[druid-1.1.0.jar:1.1.0]
	at com.alibaba.druid.filter.stat.StatFilter.connection_connect(StatFilter.java:217) ~[druid-1.1.0.jar:1.1.0]
	at com.alibaba.druid.filter.FilterChainImpl.connection_connect(FilterChainImpl.java:142) ~[druid-1.1.0.jar:1.1.0]
	at com.alibaba.druid.pool.DruidAbstractDataSource.createPhysicalConnection(DruidAbstractDataSource.java:1466) ~[druid-1.1.0.jar:1.1.0]
	at com.alibaba.druid.pool.DruidAbstractDataSource.createPhysicalConnection(DruidAbstractDataSource.java:1529) ~[druid-1.1.0.jar:1.1.0]
	at com.alibaba.druid.pool.DruidDataSource$CreateConnectionThread.run(DruidDataSource.java:2178) ~[druid-1.1.0.jar:1.1.0]
2018-07-24 14:07:08.070 [Druid-ConnectionPool-Create-835594012] ERROR [com.alibaba.druid.pool.DruidDataSource:53] [,] - create connection error, url: jdbc:mysql://127.0.0.1:3306/user?useUnicode=true&characterEncoding=UTF-8&zeroDateTimeBehavior=convertToNull, errorCode 1049, state 42000
com.mysql.jdbc.exceptions.jdbc4.MySQLSyntaxErrorException: Unknown database 'user'
	at sun.reflect.GeneratedConstructorAccessor92.newInstance(Unknown Source) ~[?:?]
	at sun.reflect.DelegatingConstructorAccessorImpl.newInstance(DelegatingConstructorAccessorImpl.java:45) ~[?:1.8.0_152]
	at java.lang.reflect.Constructor.newInstance(Constructor.java:423) ~[?:1.8.0_152]
	at com.mysql.jdbc.Util.handleNewInstance(Util.java:425) ~[mysql-connector-java-5.1.42.jar:5.1.42]
	at com.mysql.jdbc.Util.getInstance(Util.java:408) ~[mysql-connector-java-5.1.42.jar:5.1.42]
	at com.mysql.jdbc.SQLError.createSQLException(SQLError.java:943) ~[mysql-connector-java-5.1.42.jar:5.1.42]
	at com.mysql.jdbc.MysqlIO.checkErrorPacket(MysqlIO.java:3973) ~[mysql-connector-java-5.1.42.jar:5.1.42]
	at com.mysql.jdbc.MysqlIO.checkErrorPacket(MysqlIO.java:3909) ~[mysql-connector-java-5.1.42.jar:5.1.42]
	at com.mysql.jdbc.MysqlIO.checkErrorPacket(MysqlIO.java:873) ~[mysql-connector-java-5.1.42.jar:5.1.42]
	at com.mysql.jdbc.MysqlIO.proceedHandshakeWithPluggableAuthentication(MysqlIO.java:1710) ~[mysql-connector-java-5.1.42.jar:5.1.42]
	at com.mysql.jdbc.MysqlIO.doHandshake(MysqlIO.java:1226) ~[mysql-connector-java-5.1.42.jar:5.1.42]
	at com.mysql.jdbc.ConnectionImpl.coreConnect(ConnectionImpl.java:2194) ~[mysql-connector-java-5.1.42.jar:5.1.42]
	at com.mysql.jdbc.ConnectionImpl.connectOneTryOnly(ConnectionImpl.java:2225) ~[mysql-connector-java-5.1.42.jar:5.1.42]
	at com.mysql.jdbc.ConnectionImpl.createNewIO(ConnectionImpl.java:2024) ~[mysql-connector-java-5.1.42.jar:5.1.42]
	at com.mysql.jdbc.ConnectionImpl.<init>(ConnectionImpl.java:779) ~[mysql-connector-java-5.1.42.jar:5.1.42]
	at com.mysql.jdbc.JDBC4Connection.<init>(JDBC4Connection.java:47) ~[mysql-connector-java-5.1.42.jar:5.1.42]
	at sun.reflect.GeneratedConstructorAccessor89.newInstance(Unknown Source) ~[?:?]
	at sun.reflect.DelegatingConstructorAccessorImpl.newInstance(DelegatingConstructorAccessorImpl.java:45) ~[?:1.8.0_152]
	at java.lang.reflect.Constructor.newInstance(Constructor.java:423) ~[?:1.8.0_152]
	at com.mysql.jdbc.Util.handleNewInstance(Util.java:425) ~[mysql-connector-java-5.1.42.jar:5.1.42]
	at com.mysql.jdbc.ConnectionImpl.getInstance(ConnectionImpl.java:389) ~[mysql-connector-java-5.1.42.jar:5.1.42]
	at com.mysql.jdbc.NonRegisteringDriver.connect(NonRegisteringDriver.java:330) ~[mysql-connector-java-5.1.42.jar:5.1.42]
	at com.alibaba.druid.filter.FilterChainImpl.connection_connect(FilterChainImpl.java:148) ~[druid-1.1.0.jar:1.1.0]
	at com.alibaba.druid.filter.stat.StatFilter.connection_connect(StatFilter.java:217) ~[druid-1.1.0.jar:1.1.0]
	at com.alibaba.druid.filter.FilterChainImpl.connection_connect(FilterChainImpl.java:142) ~[druid-1.1.0.jar:1.1.0]
	at com.alibaba.druid.pool.DruidAbstractDataSource.createPhysicalConnection(DruidAbstractDataSource.java:1466) ~[druid-1.1.0.jar:1.1.0]
	at com.alibaba.druid.pool.DruidAbstractDataSource.createPhysicalConnection(DruidAbstractDataSource.java:1529) ~[druid-1.1.0.jar:1.1.0]
	at com.alibaba.druid.pool.DruidDataSource$CreateConnectionThread.run(DruidDataSource.java:2178) ~[druid-1.1.0.jar:1.1.0]
2018-07-24 14:07:33.904 [DiscoveryClient-CacheRefreshExecutor-0] ERROR [com.netflix.discovery.shared.transport.decorator.RedirectingEurekaHttpClient:91] [,] - Request execution error
com.sun.jersey.api.client.ClientHandlerException: java.net.ConnectException: Connection refused: connect
	at com.sun.jersey.client.apache4.ApacheHttpClient4Handler.handle(ApacheHttpClient4Handler.java:187) ~[jersey-apache-client4-1.19.1.jar:1.19.1]
	at com.sun.jersey.api.client.filter.GZIPContentEncodingFilter.handle(GZIPContentEncodingFilter.java:123) ~[jersey-client-1.19.1.jar:1.19.1]
	at com.netflix.discovery.EurekaIdentityHeaderFilter.handle(EurekaIdentityHeaderFilter.java:27) ~[eureka-client-1.4.12.jar:1.4.12]
	at com.sun.jersey.api.client.Client.handle(Client.java:652) ~[jersey-client-1.19.1.jar:1.19.1]
	at com.sun.jersey.api.client.WebResource.handle(WebResource.java:682) ~[jersey-client-1.19.1.jar:1.19.1]
	at com.sun.jersey.api.client.WebResource.access$200(WebResource.java:74) ~[jersey-client-1.19.1.jar:1.19.1]
	at com.sun.jersey.api.client.WebResource$Builder.get(WebResource.java:509) ~[jersey-client-1.19.1.jar:1.19.1]
	at com.netflix.discovery.shared.transport.jersey.AbstractJerseyEurekaHttpClient.getApplicationsInternal(AbstractJerseyEurekaHttpClient.java:194) ~[eureka-client-1.4.12.jar:1.4.12]
	at com.netflix.discovery.shared.transport.jersey.AbstractJerseyEurekaHttpClient.getDelta(AbstractJerseyEurekaHttpClient.java:170) ~[eureka-client-1.4.12.jar:1.4.12]
	at com.netflix.discovery.shared.transport.decorator.EurekaHttpClientDecorator$7.execute(EurekaHttpClientDecorator.java:152) ~[eureka-client-1.4.12.jar:1.4.12]
	at com.netflix.discovery.shared.transport.decorator.MetricsCollectingEurekaHttpClient.execute(MetricsCollectingEurekaHttpClient.java:73) ~[eureka-client-1.4.12.jar:1.4.12]
	at com.netflix.discovery.shared.transport.decorator.EurekaHttpClientDecorator.getDelta(EurekaHttpClientDecorator.java:149) ~[eureka-client-1.4.12.jar:1.4.12]
	at com.netflix.discovery.shared.transport.decorator.EurekaHttpClientDecorator$7.execute(EurekaHttpClientDecorator.java:152) ~[eureka-client-1.4.12.jar:1.4.12]
	at com.netflix.discovery.shared.transport.decorator.RedirectingEurekaHttpClient.execute(RedirectingEurekaHttpClient.java:89) ~[eureka-client-1.4.12.jar:1.4.12]
	at com.netflix.discovery.shared.transport.decorator.EurekaHttpClientDecorator.getDelta(EurekaHttpClientDecorator.java:149) ~[eureka-client-1.4.12.jar:1.4.12]
	at com.netflix.discovery.shared.transport.decorator.EurekaHttpClientDecorator$7.execute(EurekaHttpClientDecorator.java:152) ~[eureka-client-1.4.12.jar:1.4.12]
	at com.netflix.discovery.shared.transport.decorator.RetryableEurekaHttpClient.execute(RetryableEurekaHttpClient.java:119) ~[eureka-client-1.4.12.jar:1.4.12]
	at com.netflix.discovery.shared.transport.decorator.EurekaHttpClientDecorator.getDelta(EurekaHttpClientDecorator.java:149) ~[eureka-client-1.4.12.jar:1.4.12]
	at com.netflix.discovery.shared.transport.decorator.EurekaHttpClientDecorator$7.execute(EurekaHttpClientDecorator.java:152) ~[eureka-client-1.4.12.jar:1.4.12]
	at com.netflix.discovery.shared.transport.decorator.SessionedEurekaHttpClient.execute(SessionedEurekaHttpClient.java:77) ~[eureka-client-1.4.12.jar:1.4.12]
	at com.netflix.discovery.shared.transport.decorator.EurekaHttpClientDecorator.getDelta(EurekaHttpClientDecorator.java:149) ~[eureka-client-1.4.12.jar:1.4.12]
	at com.netflix.discovery.DiscoveryClient.getAndUpdateDelta(DiscoveryClient.java:1064) ~[eureka-client-1.4.12.jar:1.4.12]
	at com.netflix.discovery.DiscoveryClient.fetchRegistry(DiscoveryClient.java:946) ~[eureka-client-1.4.12.jar:1.4.12]
	at com.netflix.discovery.DiscoveryClient.refreshRegistry(DiscoveryClient.java:1468) ~[eureka-client-1.4.12.jar:1.4.12]
	at com.netflix.discovery.DiscoveryClient$CacheRefreshThread.run(DiscoveryClient.java:1435) ~[eureka-client-1.4.12.jar:1.4.12]
	at java.util.concurrent.Executors$RunnableAdapter.call(Executors.java:511) ~[?:1.8.0_152]
	at java.util.concurrent.FutureTask.run(FutureTask.java:266) ~[?:1.8.0_152]
	at java.util.concurrent.ThreadPoolExecutor.runWorker(ThreadPoolExecutor.java:1149) [?:1.8.0_152]
	at java.util.concurrent.ThreadPoolExecutor$Worker.run(ThreadPoolExecutor.java:624) [?:1.8.0_152]
	at java.lang.Thread.run(Thread.java:748) [?:1.8.0_152]
Caused by: java.net.ConnectException: Connection refused: connect
	at java.net.DualStackPlainSocketImpl.waitForConnect(Native Method) ~[?:1.8.0_152]
	at java.net.DualStackPlainSocketImpl.socketConnect(DualStackPlainSocketImpl.java:85) ~[?:1.8.0_152]
	at java.net.AbstractPlainSocketImpl.doConnect(AbstractPlainSocketImpl.java:350) ~[?:1.8.0_152]
	at java.net.AbstractPlainSocketImpl.connectToAddress(AbstractPlainSocketImpl.java:206) ~[?:1.8.0_152]
	at java.net.AbstractPlainSocketImpl.connect(AbstractPlainSocketImpl.java:188) ~[?:1.8.0_152]
	at java.net.PlainSocketImpl.connect(PlainSocketImpl.java:172) ~[?:1.8.0_152]
	at java.net.SocksSocketImpl.connect(SocksSocketImpl.java:392) ~[?:1.8.0_152]
	at java.net.Socket.connect(Socket.java:589) ~[?:1.8.0_152]
	at org.apache.http.conn.scheme.PlainSocketFactory.connectSocket(PlainSocketFactory.java:121) ~[httpclient-4.5.3.jar:4.5.3]
	at org.apache.http.impl.conn.DefaultClientConnectionOperator.openConnection(DefaultClientConnectionOperator.java:180) ~[httpclient-4.5.3.jar:4.5.3]
	at org.apache.http.impl.conn.AbstractPoolEntry.open(AbstractPoolEntry.java:144) ~[httpclient-4.5.3.jar:4.5.3]
	at org.apache.http.impl.conn.AbstractPooledConnAdapter.open(AbstractPooledConnAdapter.java:134) ~[httpclient-4.5.3.jar:4.5.3]
	at org.apache.http.impl.client.DefaultRequestDirector.tryConnect(DefaultRequestDirector.java:610) ~[httpclient-4.5.3.jar:4.5.3]
	at org.apache.http.impl.client.DefaultRequestDirector.execute(DefaultRequestDirector.java:445) ~[httpclient-4.5.3.jar:4.5.3]
	at org.apache.http.impl.client.AbstractHttpClient.doExecute(AbstractHttpClient.java:835) ~[httpclient-4.5.3.jar:4.5.3]
	at org.apache.http.impl.client.CloseableHttpClient.execute(CloseableHttpClient.java:118) ~[httpclient-4.5.3.jar:4.5.3]
	at org.apache.http.impl.client.CloseableHttpClient.execute(CloseableHttpClient.java:56) ~[httpclient-4.5.3.jar:4.5.3]
	at com.sun.jersey.client.apache4.ApacheHttpClient4Handler.handle(ApacheHttpClient4Handler.java:173) ~[jersey-apache-client4-1.19.1.jar:1.19.1]
	... 29 more
2018-07-24 14:07:33.906 [DiscoveryClient-CacheRefreshExecutor-0] WARN  [com.netflix.discovery.shared.transport.decorator.RetryableEurekaHttpClient:129] [,] - Request execution failure
2018-07-24 14:07:34.913 [DiscoveryClient-CacheRefreshExecutor-0] ERROR [com.netflix.discovery.shared.transport.decorator.RedirectingEurekaHttpClient:83] [,] - Request execution error
com.sun.jersey.api.client.ClientHandlerException: java.net.ConnectException: Connection refused: connect
	at com.sun.jersey.client.apache4.ApacheHttpClient4Handler.handle(ApacheHttpClient4Handler.java:187) ~[jersey-apache-client4-1.19.1.jar:1.19.1]
	at com.sun.jersey.api.client.filter.GZIPContentEncodingFilter.handle(GZIPContentEncodingFilter.java:123) ~[jersey-client-1.19.1.jar:1.19.1]
	at com.netflix.discovery.EurekaIdentityHeaderFilter.handle(EurekaIdentityHeaderFilter.java:27) ~[eureka-client-1.4.12.jar:1.4.12]
	at com.sun.jersey.api.client.Client.handle(Client.java:652) ~[jersey-client-1.19.1.jar:1.19.1]
	at com.sun.jersey.api.client.WebResource.handle(WebResource.java:682) ~[jersey-client-1.19.1.jar:1.19.1]
	at com.sun.jersey.api.client.WebResource.access$200(WebResource.java:74) ~[jersey-client-1.19.1.jar:1.19.1]
	at com.sun.jersey.api.client.WebResource$Builder.get(WebResource.java:509) ~[jersey-client-1.19.1.jar:1.19.1]
	at com.netflix.discovery.shared.transport.jersey.AbstractJerseyEurekaHttpClient.getApplicationsInternal(AbstractJerseyEurekaHttpClient.java:194) ~[eureka-client-1.4.12.jar:1.4.12]
	at com.netflix.discovery.shared.transport.jersey.AbstractJerseyEurekaHttpClient.getDelta(AbstractJerseyEurekaHttpClient.java:170) ~[eureka-client-1.4.12.jar:1.4.12]
	at com.netflix.discovery.shared.transport.decorator.EurekaHttpClientDecorator$7.execute(EurekaHttpClientDecorator.java:152) ~[eureka-client-1.4.12.jar:1.4.12]
	at com.netflix.discovery.shared.transport.decorator.MetricsCollectingEurekaHttpClient.execute(MetricsCollectingEurekaHttpClient.java:73) ~[eureka-client-1.4.12.jar:1.4.12]
	at com.netflix.discovery.shared.transport.decorator.EurekaHttpClientDecorator.getDelta(EurekaHttpClientDecorator.java:149) ~[eureka-client-1.4.12.jar:1.4.12]
	at com.netflix.discovery.shared.transport.decorator.EurekaHttpClientDecorator$7.execute(EurekaHttpClientDecorator.java:152) ~[eureka-client-1.4.12.jar:1.4.12]
	at com.netflix.discovery.shared.transport.decorator.RedirectingEurekaHttpClient.executeOnNewServer(RedirectingEurekaHttpClient.java:118) ~[eureka-client-1.4.12.jar:1.4.12]
	at com.netflix.discovery.shared.transport.decorator.RedirectingEurekaHttpClient.execute(RedirectingEurekaHttpClient.java:79) ~[eureka-client-1.4.12.jar:1.4.12]
	at com.netflix.discovery.shared.transport.decorator.EurekaHttpClientDecorator.getDelta(EurekaHttpClientDecorator.java:149) ~[eureka-client-1.4.12.jar:1.4.12]
	at com.netflix.discovery.shared.transport.decorator.EurekaHttpClientDecorator$7.execute(EurekaHttpClientDecorator.java:152) ~[eureka-client-1.4.12.jar:1.4.12]
	at com.netflix.discovery.shared.transport.decorator.RetryableEurekaHttpClient.execute(RetryableEurekaHttpClient.java:119) ~[eureka-client-1.4.12.jar:1.4.12]
	at com.netflix.discovery.shared.transport.decorator.EurekaHttpClientDecorator.getDelta(EurekaHttpClientDecorator.java:149) ~[eureka-client-1.4.12.jar:1.4.12]
	at com.netflix.discovery.shared.transport.decorator.EurekaHttpClientDecorator$7.execute(EurekaHttpClientDecorator.java:152) ~[eureka-client-1.4.12.jar:1.4.12]
	at com.netflix.discovery.shared.transport.decorator.SessionedEurekaHttpClient.execute(SessionedEurekaHttpClient.java:77) ~[eureka-client-1.4.12.jar:1.4.12]
	at com.netflix.discovery.shared.transport.decorator.EurekaHttpClientDecorator.getDelta(EurekaHttpClientDecorator.java:149) ~[eureka-client-1.4.12.jar:1.4.12]
	at com.netflix.discovery.DiscoveryClient.getAndUpdateDelta(DiscoveryClient.java:1064) ~[eureka-client-1.4.12.jar:1.4.12]
	at com.netflix.discovery.DiscoveryClient.fetchRegistry(DiscoveryClient.java:946) ~[eureka-client-1.4.12.jar:1.4.12]
	at com.netflix.discovery.DiscoveryClient.refreshRegistry(DiscoveryClient.java:1468) ~[eureka-client-1.4.12.jar:1.4.12]
	at com.netflix.discovery.DiscoveryClient$CacheRefreshThread.run(DiscoveryClient.java:1435) ~[eureka-client-1.4.12.jar:1.4.12]
	at java.util.concurrent.Executors$RunnableAdapter.call(Executors.java:511) ~[?:1.8.0_152]
	at java.util.concurrent.FutureTask.run(FutureTask.java:266) ~[?:1.8.0_152]
	at java.util.concurrent.ThreadPoolExecutor.runWorker(ThreadPoolExecutor.java:1149) [?:1.8.0_152]
	at java.util.concurrent.ThreadPoolExecutor$Worker.run(ThreadPoolExecutor.java:624) [?:1.8.0_152]
	at java.lang.Thread.run(Thread.java:748) [?:1.8.0_152]
Caused by: java.net.ConnectException: Connection refused: connect
	at java.net.DualStackPlainSocketImpl.waitForConnect(Native Method) ~[?:1.8.0_152]
	at java.net.DualStackPlainSocketImpl.socketConnect(DualStackPlainSocketImpl.java:85) ~[?:1.8.0_152]
	at java.net.AbstractPlainSocketImpl.doConnect(AbstractPlainSocketImpl.java:350) ~[?:1.8.0_152]
	at java.net.AbstractPlainSocketImpl.connectToAddress(AbstractPlainSocketImpl.java:206) ~[?:1.8.0_152]
	at java.net.AbstractPlainSocketImpl.connect(AbstractPlainSocketImpl.java:188) ~[?:1.8.0_152]
	at java.net.PlainSocketImpl.connect(PlainSocketImpl.java:172) ~[?:1.8.0_152]
	at java.net.SocksSocketImpl.connect(SocksSocketImpl.java:392) ~[?:1.8.0_152]
	at java.net.Socket.connect(Socket.java:589) ~[?:1.8.0_152]
	at org.apache.http.conn.scheme.PlainSocketFactory.connectSocket(PlainSocketFactory.java:121) ~[httpclient-4.5.3.jar:4.5.3]
	at org.apache.http.impl.conn.DefaultClientConnectionOperator.openConnection(DefaultClientConnectionOperator.java:180) ~[httpclient-4.5.3.jar:4.5.3]
	at org.apache.http.impl.conn.AbstractPoolEntry.open(AbstractPoolEntry.java:144) ~[httpclient-4.5.3.jar:4.5.3]
	at org.apache.http.impl.conn.AbstractPooledConnAdapter.open(AbstractPooledConnAdapter.java:134) ~[httpclient-4.5.3.jar:4.5.3]
	at org.apache.http.impl.client.DefaultRequestDirector.tryConnect(DefaultRequestDirector.java:610) ~[httpclient-4.5.3.jar:4.5.3]
	at org.apache.http.impl.client.DefaultRequestDirector.execute(DefaultRequestDirector.java:445) ~[httpclient-4.5.3.jar:4.5.3]
	at org.apache.http.impl.client.AbstractHttpClient.doExecute(AbstractHttpClient.java:835) ~[httpclient-4.5.3.jar:4.5.3]
	at org.apache.http.impl.client.CloseableHttpClient.execute(CloseableHttpClient.java:118) ~[httpclient-4.5.3.jar:4.5.3]
	at org.apache.http.impl.client.CloseableHttpClient.execute(CloseableHttpClient.java:56) ~[httpclient-4.5.3.jar:4.5.3]
	at com.sun.jersey.client.apache4.ApacheHttpClient4Handler.handle(ApacheHttpClient4Handler.java:173) ~[jersey-apache-client4-1.19.1.jar:1.19.1]
	... 30 more
2018-07-24 14:07:34.913 [DiscoveryClient-CacheRefreshExecutor-0] WARN  [com.netflix.discovery.shared.transport.decorator.RetryableEurekaHttpClient:129] [,] - Request execution failure
2018-07-24 14:07:34.915 [DiscoveryClient-CacheRefreshExecutor-0] ERROR [com.netflix.discovery.DiscoveryClient:951] [,] - DiscoveryClient_USER/USER-20170210CD:user:8083 - was unable to refresh its cache! status = Cannot execute request on any known server
com.netflix.discovery.shared.transport.TransportException: Cannot execute request on any known server
	at com.netflix.discovery.shared.transport.decorator.RetryableEurekaHttpClient.execute(RetryableEurekaHttpClient.java:111) ~[eureka-client-1.4.12.jar:1.4.12]
	at com.netflix.discovery.shared.transport.decorator.EurekaHttpClientDecorator.getDelta(EurekaHttpClientDecorator.java:149) ~[eureka-client-1.4.12.jar:1.4.12]
	at com.netflix.discovery.shared.transport.decorator.EurekaHttpClientDecorator$7.execute(EurekaHttpClientDecorator.java:152) ~[eureka-client-1.4.12.jar:1.4.12]
	at com.netflix.discovery.shared.transport.decorator.SessionedEurekaHttpClient.execute(SessionedEurekaHttpClient.java:77) ~[eureka-client-1.4.12.jar:1.4.12]
	at com.netflix.discovery.shared.transport.decorator.EurekaHttpClientDecorator.getDelta(EurekaHttpClientDecorator.java:149) ~[eureka-client-1.4.12.jar:1.4.12]
	at com.netflix.discovery.DiscoveryClient.getAndUpdateDelta(DiscoveryClient.java:1064) ~[eureka-client-1.4.12.jar:1.4.12]
	at com.netflix.discovery.DiscoveryClient.fetchRegistry(DiscoveryClient.java:946) ~[eureka-client-1.4.12.jar:1.4.12]
	at com.netflix.discovery.DiscoveryClient.refreshRegistry(DiscoveryClient.java:1468) ~[eureka-client-1.4.12.jar:1.4.12]
	at com.netflix.discovery.DiscoveryClient$CacheRefreshThread.run(DiscoveryClient.java:1435) ~[eureka-client-1.4.12.jar:1.4.12]
	at java.util.concurrent.Executors$RunnableAdapter.call(Executors.java:511) ~[?:1.8.0_152]
	at java.util.concurrent.FutureTask.run(FutureTask.java:266) ~[?:1.8.0_152]
	at java.util.concurrent.ThreadPoolExecutor.runWorker(ThreadPoolExecutor.java:1149) [?:1.8.0_152]
	at java.util.concurrent.ThreadPoolExecutor$Worker.run(ThreadPoolExecutor.java:624) [?:1.8.0_152]
	at java.lang.Thread.run(Thread.java:748) [?:1.8.0_152]
2018-07-24 14:07:35.354 [DiscoveryClient-HeartbeatExecutor-0] ERROR [com.netflix.discovery.shared.transport.decorator.RedirectingEurekaHttpClient:91] [,] - Request execution error
com.sun.jersey.api.client.ClientHandlerException: java.net.ConnectException: Connection refused: connect
	at com.sun.jersey.client.apache4.ApacheHttpClient4Handler.handle(ApacheHttpClient4Handler.java:187) ~[jersey-apache-client4-1.19.1.jar:1.19.1]
	at com.sun.jersey.api.client.filter.GZIPContentEncodingFilter.handle(GZIPContentEncodingFilter.java:123) ~[jersey-client-1.19.1.jar:1.19.1]
	at com.netflix.discovery.EurekaIdentityHeaderFilter.handle(EurekaIdentityHeaderFilter.java:27) ~[eureka-client-1.4.12.jar:1.4.12]
	at com.sun.jersey.api.client.Client.handle(Client.java:652) ~[jersey-client-1.19.1.jar:1.19.1]
	at com.sun.jersey.api.client.WebResource.handle(WebResource.java:682) ~[jersey-client-1.19.1.jar:1.19.1]
	at com.sun.jersey.api.client.WebResource.access$200(WebResource.java:74) ~[jersey-client-1.19.1.jar:1.19.1]
	at com.sun.jersey.api.client.WebResource$Builder.put(WebResource.java:529) ~[jersey-client-1.19.1.jar:1.19.1]
	at com.netflix.discovery.shared.transport.jersey.AbstractJerseyEurekaHttpClient.sendHeartBeat(AbstractJerseyEurekaHttpClient.java:102) ~[eureka-client-1.4.12.jar:1.4.12]
	at com.netflix.discovery.shared.transport.decorator.EurekaHttpClientDecorator$3.execute(EurekaHttpClientDecorator.java:92) ~[eureka-client-1.4.12.jar:1.4.12]
	at com.netflix.discovery.shared.transport.decorator.MetricsCollectingEurekaHttpClient.execute(MetricsCollectingEurekaHttpClient.java:73) ~[eureka-client-1.4.12.jar:1.4.12]
	at com.netflix.discovery.shared.transport.decorator.EurekaHttpClientDecorator.sendHeartBeat(EurekaHttpClientDecorator.java:89) ~[eureka-client-1.4.12.jar:1.4.12]
	at com.netflix.discovery.shared.transport.decorator.EurekaHttpClientDecorator$3.execute(EurekaHttpClientDecorator.java:92) ~[eureka-client-1.4.12.jar:1.4.12]
	at com.netflix.discovery.shared.transport.decorator.RedirectingEurekaHttpClient.execute(RedirectingEurekaHttpClient.java:89) ~[eureka-client-1.4.12.jar:1.4.12]
	at com.netflix.discovery.shared.transport.decorator.EurekaHttpClientDecorator.sendHeartBeat(EurekaHttpClientDecorator.java:89) ~[eureka-client-1.4.12.jar:1.4.12]
	at com.netflix.discovery.shared.transport.decorator.EurekaHttpClientDecorator$3.execute(EurekaHttpClientDecorator.java:92) ~[eureka-client-1.4.12.jar:1.4.12]
	at com.netflix.discovery.shared.transport.decorator.RetryableEurekaHttpClient.execute(RetryableEurekaHttpClient.java:119) ~[eureka-client-1.4.12.jar:1.4.12]
	at com.netflix.discovery.shared.transport.decorator.EurekaHttpClientDecorator.sendHeartBeat(EurekaHttpClientDecorator.java:89) ~[eureka-client-1.4.12.jar:1.4.12]
	at com.netflix.discovery.shared.transport.decorator.EurekaHttpClientDecorator$3.execute(EurekaHttpClientDecorator.java:92) ~[eureka-client-1.4.12.jar:1.4.12]
	at com.netflix.discovery.shared.transport.decorator.SessionedEurekaHttpClient.execute(SessionedEurekaHttpClient.java:77) ~[eureka-client-1.4.12.jar:1.4.12]
	at com.netflix.discovery.shared.transport.decorator.EurekaHttpClientDecorator.sendHeartBeat(EurekaHttpClientDecorator.java:89) ~[eureka-client-1.4.12.jar:1.4.12]
	at com.netflix.discovery.DiscoveryClient.renew(DiscoveryClient.java:832) ~[eureka-client-1.4.12.jar:1.4.12]
	at com.netflix.discovery.DiscoveryClient$HeartbeatThread.run(DiscoveryClient.java:1396) ~[eureka-client-1.4.12.jar:1.4.12]
	at java.util.concurrent.Executors$RunnableAdapter.call(Executors.java:511) ~[?:1.8.0_152]
	at java.util.concurrent.FutureTask.run(FutureTask.java:266) ~[?:1.8.0_152]
	at java.util.concurrent.ThreadPoolExecutor.runWorker(ThreadPoolExecutor.java:1149) [?:1.8.0_152]
	at java.util.concurrent.ThreadPoolExecutor$Worker.run(ThreadPoolExecutor.java:624) [?:1.8.0_152]
	at java.lang.Thread.run(Thread.java:748) [?:1.8.0_152]
Caused by: java.net.ConnectException: Connection refused: connect
	at java.net.DualStackPlainSocketImpl.waitForConnect(Native Method) ~[?:1.8.0_152]
	at java.net.DualStackPlainSocketImpl.socketConnect(DualStackPlainSocketImpl.java:85) ~[?:1.8.0_152]
	at java.net.AbstractPlainSocketImpl.doConnect(AbstractPlainSocketImpl.java:350) ~[?:1.8.0_152]
	at java.net.AbstractPlainSocketImpl.connectToAddress(AbstractPlainSocketImpl.java:206) ~[?:1.8.0_152]
	at java.net.AbstractPlainSocketImpl.connect(AbstractPlainSocketImpl.java:188) ~[?:1.8.0_152]
	at java.net.PlainSocketImpl.connect(PlainSocketImpl.java:172) ~[?:1.8.0_152]
	at java.net.SocksSocketImpl.connect(SocksSocketImpl.java:392) ~[?:1.8.0_152]
	at java.net.Socket.connect(Socket.java:589) ~[?:1.8.0_152]
	at org.apache.http.conn.scheme.PlainSocketFactory.connectSocket(PlainSocketFactory.java:121) ~[httpclient-4.5.3.jar:4.5.3]
	at org.apache.http.impl.conn.DefaultClientConnectionOperator.openConnection(DefaultClientConnectionOperator.java:180) ~[httpclient-4.5.3.jar:4.5.3]
	at org.apache.http.impl.conn.AbstractPoolEntry.open(AbstractPoolEntry.java:144) ~[httpclient-4.5.3.jar:4.5.3]
	at org.apache.http.impl.conn.AbstractPooledConnAdapter.open(AbstractPooledConnAdapter.java:134) ~[httpclient-4.5.3.jar:4.5.3]
	at org.apache.http.impl.client.DefaultRequestDirector.tryConnect(DefaultRequestDirector.java:610) ~[httpclient-4.5.3.jar:4.5.3]
	at org.apache.http.impl.client.DefaultRequestDirector.execute(DefaultRequestDirector.java:445) ~[httpclient-4.5.3.jar:4.5.3]
	at org.apache.http.impl.client.AbstractHttpClient.doExecute(AbstractHttpClient.java:835) ~[httpclient-4.5.3.jar:4.5.3]
	at org.apache.http.impl.client.CloseableHttpClient.execute(CloseableHttpClient.java:118) ~[httpclient-4.5.3.jar:4.5.3]
	at org.apache.http.impl.client.CloseableHttpClient.execute(CloseableHttpClient.java:56) ~[httpclient-4.5.3.jar:4.5.3]
	at com.sun.jersey.client.apache4.ApacheHttpClient4Handler.handle(ApacheHttpClient4Handler.java:173) ~[jersey-apache-client4-1.19.1.jar:1.19.1]
	... 26 more
2018-07-24 14:07:35.354 [DiscoveryClient-HeartbeatExecutor-0] WARN  [com.netflix.discovery.shared.transport.decorator.RetryableEurekaHttpClient:129] [,] - Request execution failure
